
*** Running vivado
    with args -log design_1_axi_cusum_0_0.vds -m64 -product Vivado -mode batch -messageDb vivado.pb -notrace -source design_1_axi_cusum_0_0.tcl


****** Vivado v2018.1 (64-bit)
  **** SW Build 2188600 on Wed Apr  4 18:40:38 MDT 2018
  **** IP Build 2185939 on Wed Apr  4 20:55:05 MDT 2018
    ** Copyright 1986-2018 Xilinx, Inc. All Rights Reserved.

source design_1_axi_cusum_0_0.tcl -notrace
Command: synth_design -top design_1_axi_cusum_0_0 -part xc7z020clg400-1 -mode out_of_context
Starting synth_design
Attempting to get a license for feature 'Synthesis' and/or device 'xc7z020'
INFO: [Common 17-349] Got license for feature 'Synthesis' and/or device 'xc7z020'
INFO: Launching helper process for spawning children vivado processes
INFO: Helper process launched with PID 14180 
---------------------------------------------------------------------------------
Starting RTL Elaboration : Time (s): cpu = 00:00:06 ; elapsed = 00:00:07 . Memory (MB): peak = 390.969 ; gain = 100.684
---------------------------------------------------------------------------------
INFO: [Synth 8-638] synthesizing module 'design_1_axi_cusum_0_0' [c:/Users/Mitch/Documents/DCA/PYNQ_integration/PYNQ_integration.srcs/sources_1/bd/design_1/ip/design_1_axi_cusum_0_0/synth/design_1_axi_cusum_0_0.vhd:82]
	Parameter MAX_DATA_PTS_EXP bound to: 3 - type: integer 
	Parameter MAX_MEANS_EXP bound to: 3 - type: integer 
	Parameter C_S_AXI_DATA_WIDTH bound to: 32 - type: integer 
	Parameter C_S_AXI_ADDR_WIDTH bound to: 16 - type: integer 
	Parameter SIMPLE_DIVISION bound to: 1 - type: bool 
INFO: [Synth 8-3491] module 'axi_cusum' declared at 'c:/Users/Mitch/Documents/DCA/PYNQ_integration/PYNQ_integration.srcs/sources_1/bd/design_1/ipshared/54aa/axi_cusum.vhd:46' bound to instance 'U0' of component 'axi_cusum' [c:/Users/Mitch/Documents/DCA/PYNQ_integration/PYNQ_integration.srcs/sources_1/bd/design_1/ip/design_1_axi_cusum_0_0/synth/design_1_axi_cusum_0_0.vhd:151]
INFO: [Synth 8-638] synthesizing module 'axi_cusum' [c:/Users/Mitch/Documents/DCA/PYNQ_integration/PYNQ_integration.srcs/sources_1/bd/design_1/ipshared/54aa/axi_cusum.vhd:88]
	Parameter MAX_DATA_PTS_EXP bound to: 3 - type: integer 
	Parameter MAX_MEANS_EXP bound to: 3 - type: integer 
	Parameter C_S_AXI_DATA_WIDTH bound to: 32 - type: integer 
	Parameter C_S_AXI_ADDR_WIDTH bound to: 16 - type: integer 
	Parameter SIMPLE_DIVISION bound to: 1 - type: bool 
	Parameter MAX_DATA_PTS_EXP bound to: 3 - type: integer 
	Parameter DATA_WIDTH bound to: 32 - type: integer 
	Parameter ADDR_WIDTH bound to: 14 - type: integer 
INFO: [Synth 8-3491] module 'mm_cusum' declared at 'c:/Users/Mitch/Documents/DCA/PYNQ_integration/PYNQ_integration.srcs/sources_1/bd/design_1/ipshared/54aa/mm_cusum.vhd:46' bound to instance 'MM_i' of component 'mm_cusum' [c:/Users/Mitch/Documents/DCA/PYNQ_integration/PYNQ_integration.srcs/sources_1/bd/design_1/ipshared/54aa/axi_cusum.vhd:254]
INFO: [Synth 8-638] synthesizing module 'mm_cusum' [c:/Users/Mitch/Documents/DCA/PYNQ_integration/PYNQ_integration.srcs/sources_1/bd/design_1/ipshared/54aa/mm_cusum.vhd:84]
	Parameter MAX_DATA_PTS_EXP bound to: 3 - type: integer 
	Parameter MAX_MEANS_EXP bound to: 3 - type: integer 
	Parameter DATA_WIDTH bound to: 32 - type: integer 
	Parameter ADDR_WIDTH bound to: 14 - type: integer 
WARNING: [Synth 8-6014] Unused sequential element slv_out_reg[11] was removed.  [c:/Users/Mitch/Documents/DCA/PYNQ_integration/PYNQ_integration.srcs/sources_1/bd/design_1/ipshared/54aa/mm_cusum.vhd:107]
WARNING: [Synth 8-6014] Unused sequential element slv_out_reg[2] was removed.  [c:/Users/Mitch/Documents/DCA/PYNQ_integration/PYNQ_integration.srcs/sources_1/bd/design_1/ipshared/54aa/mm_cusum.vhd:107]
WARNING: [Synth 8-6014] Unused sequential element slv_out_reg[0] was removed.  [c:/Users/Mitch/Documents/DCA/PYNQ_integration/PYNQ_integration.srcs/sources_1/bd/design_1/ipshared/54aa/mm_cusum.vhd:107]
WARNING: [Synth 8-6014] Unused sequential element slv_write_reg was removed.  [c:/Users/Mitch/Documents/DCA/PYNQ_integration/PYNQ_integration.srcs/sources_1/bd/design_1/ipshared/54aa/mm_cusum.vhd:153]
WARNING: [Synth 8-6014] Unused sequential element slv_read_reg was removed.  [c:/Users/Mitch/Documents/DCA/PYNQ_integration/PYNQ_integration.srcs/sources_1/bd/design_1/ipshared/54aa/mm_cusum.vhd:154]
WARNING: [Synth 8-3848] Net MeansOut in module/entity mm_cusum does not have driver. [c:/Users/Mitch/Documents/DCA/PYNQ_integration/PYNQ_integration.srcs/sources_1/bd/design_1/ipshared/54aa/mm_cusum.vhd:65]
WARNING: [Synth 8-3848] Net slv_in[11] in module/entity mm_cusum does not have driver. [c:/Users/Mitch/Documents/DCA/PYNQ_integration/PYNQ_integration.srcs/sources_1/bd/design_1/ipshared/54aa/mm_cusum.vhd:92]
INFO: [Synth 8-256] done synthesizing module 'mm_cusum' (1#1) [c:/Users/Mitch/Documents/DCA/PYNQ_integration/PYNQ_integration.srcs/sources_1/bd/design_1/ipshared/54aa/mm_cusum.vhd:84]
	Parameter DATA_WIDTH bound to: 32 - type: integer 
INFO: [Synth 8-3491] module 'simple_adder' declared at 'c:/Users/Mitch/Documents/DCA/PYNQ_integration/PYNQ_integration.srcs/sources_1/bd/design_1/ipshared/54aa/simple_adder.vhd:5' bound to instance 'ADDRX' of component 'simple_adder' [c:/Users/Mitch/Documents/DCA/PYNQ_integration/PYNQ_integration.srcs/sources_1/bd/design_1/ipshared/54aa/axi_cusum.vhd:312]
INFO: [Synth 8-638] synthesizing module 'simple_adder' [c:/Users/Mitch/Documents/DCA/PYNQ_integration/PYNQ_integration.srcs/sources_1/bd/design_1/ipshared/54aa/simple_adder.vhd:16]
	Parameter DATA_WIDTH bound to: 32 - type: integer 
INFO: [Synth 8-256] done synthesizing module 'simple_adder' (2#1) [c:/Users/Mitch/Documents/DCA/PYNQ_integration/PYNQ_integration.srcs/sources_1/bd/design_1/ipshared/54aa/simple_adder.vhd:16]
	Parameter DATA_WIDTH bound to: 32 - type: integer 
INFO: [Synth 8-3491] module 'simple_adder' declared at 'c:/Users/Mitch/Documents/DCA/PYNQ_integration/PYNQ_integration.srcs/sources_1/bd/design_1/ipshared/54aa/simple_adder.vhd:5' bound to instance 'ADDRX' of component 'simple_adder' [c:/Users/Mitch/Documents/DCA/PYNQ_integration/PYNQ_integration.srcs/sources_1/bd/design_1/ipshared/54aa/axi_cusum.vhd:312]
	Parameter DATA_WIDTH bound to: 32 - type: integer 
INFO: [Synth 8-3491] module 'simple_adder' declared at 'c:/Users/Mitch/Documents/DCA/PYNQ_integration/PYNQ_integration.srcs/sources_1/bd/design_1/ipshared/54aa/simple_adder.vhd:5' bound to instance 'ADDRX' of component 'simple_adder' [c:/Users/Mitch/Documents/DCA/PYNQ_integration/PYNQ_integration.srcs/sources_1/bd/design_1/ipshared/54aa/axi_cusum.vhd:312]
	Parameter DATA_WIDTH bound to: 32 - type: integer 
INFO: [Synth 8-3491] module 'simple_adder' declared at 'c:/Users/Mitch/Documents/DCA/PYNQ_integration/PYNQ_integration.srcs/sources_1/bd/design_1/ipshared/54aa/simple_adder.vhd:5' bound to instance 'ADDRX' of component 'simple_adder' [c:/Users/Mitch/Documents/DCA/PYNQ_integration/PYNQ_integration.srcs/sources_1/bd/design_1/ipshared/54aa/axi_cusum.vhd:312]
	Parameter DATA_WIDTH bound to: 32 - type: integer 
INFO: [Synth 8-3491] module 'simple_adder' declared at 'c:/Users/Mitch/Documents/DCA/PYNQ_integration/PYNQ_integration.srcs/sources_1/bd/design_1/ipshared/54aa/simple_adder.vhd:5' bound to instance 'ADDRX' of component 'simple_adder' [c:/Users/Mitch/Documents/DCA/PYNQ_integration/PYNQ_integration.srcs/sources_1/bd/design_1/ipshared/54aa/axi_cusum.vhd:312]
	Parameter DATA_WIDTH bound to: 32 - type: integer 
INFO: [Synth 8-3491] module 'simple_adder' declared at 'c:/Users/Mitch/Documents/DCA/PYNQ_integration/PYNQ_integration.srcs/sources_1/bd/design_1/ipshared/54aa/simple_adder.vhd:5' bound to instance 'ADDRX' of component 'simple_adder' [c:/Users/Mitch/Documents/DCA/PYNQ_integration/PYNQ_integration.srcs/sources_1/bd/design_1/ipshared/54aa/axi_cusum.vhd:312]
	Parameter DATA_WIDTH bound to: 32 - type: integer 
INFO: [Synth 8-3491] module 'simple_adder' declared at 'c:/Users/Mitch/Documents/DCA/PYNQ_integration/PYNQ_integration.srcs/sources_1/bd/design_1/ipshared/54aa/simple_adder.vhd:5' bound to instance 'ADDRX' of component 'simple_adder' [c:/Users/Mitch/Documents/DCA/PYNQ_integration/PYNQ_integration.srcs/sources_1/bd/design_1/ipshared/54aa/axi_cusum.vhd:312]
	Parameter DATA_WIDTH bound to: 32 - type: integer 
INFO: [Synth 8-3491] module 'simple_min' declared at 'c:/Users/Mitch/Documents/DCA/PYNQ_integration/PYNQ_integration.srcs/sources_1/bd/design_1/ipshared/54aa/simple_min.vhd:5' bound to instance 'MINX' of component 'simple_min' [c:/Users/Mitch/Documents/DCA/PYNQ_integration/PYNQ_integration.srcs/sources_1/bd/design_1/ipshared/54aa/axi_cusum.vhd:342]
INFO: [Synth 8-638] synthesizing module 'simple_min' [c:/Users/Mitch/Documents/DCA/PYNQ_integration/PYNQ_integration.srcs/sources_1/bd/design_1/ipshared/54aa/simple_min.vhd:16]
	Parameter DATA_WIDTH bound to: 32 - type: integer 
INFO: [Synth 8-256] done synthesizing module 'simple_min' (3#1) [c:/Users/Mitch/Documents/DCA/PYNQ_integration/PYNQ_integration.srcs/sources_1/bd/design_1/ipshared/54aa/simple_min.vhd:16]
	Parameter DATA_WIDTH bound to: 32 - type: integer 
INFO: [Synth 8-3491] module 'simple_min' declared at 'c:/Users/Mitch/Documents/DCA/PYNQ_integration/PYNQ_integration.srcs/sources_1/bd/design_1/ipshared/54aa/simple_min.vhd:5' bound to instance 'MINX' of component 'simple_min' [c:/Users/Mitch/Documents/DCA/PYNQ_integration/PYNQ_integration.srcs/sources_1/bd/design_1/ipshared/54aa/axi_cusum.vhd:342]
	Parameter DATA_WIDTH bound to: 32 - type: integer 
INFO: [Synth 8-3491] module 'simple_min' declared at 'c:/Users/Mitch/Documents/DCA/PYNQ_integration/PYNQ_integration.srcs/sources_1/bd/design_1/ipshared/54aa/simple_min.vhd:5' bound to instance 'MINX' of component 'simple_min' [c:/Users/Mitch/Documents/DCA/PYNQ_integration/PYNQ_integration.srcs/sources_1/bd/design_1/ipshared/54aa/axi_cusum.vhd:342]
	Parameter DATA_WIDTH bound to: 32 - type: integer 
INFO: [Synth 8-3491] module 'simple_min' declared at 'c:/Users/Mitch/Documents/DCA/PYNQ_integration/PYNQ_integration.srcs/sources_1/bd/design_1/ipshared/54aa/simple_min.vhd:5' bound to instance 'MINX' of component 'simple_min' [c:/Users/Mitch/Documents/DCA/PYNQ_integration/PYNQ_integration.srcs/sources_1/bd/design_1/ipshared/54aa/axi_cusum.vhd:342]
	Parameter DATA_WIDTH bound to: 32 - type: integer 
INFO: [Synth 8-3491] module 'simple_min' declared at 'c:/Users/Mitch/Documents/DCA/PYNQ_integration/PYNQ_integration.srcs/sources_1/bd/design_1/ipshared/54aa/simple_min.vhd:5' bound to instance 'MINX' of component 'simple_min' [c:/Users/Mitch/Documents/DCA/PYNQ_integration/PYNQ_integration.srcs/sources_1/bd/design_1/ipshared/54aa/axi_cusum.vhd:342]
	Parameter DATA_WIDTH bound to: 32 - type: integer 
INFO: [Synth 8-3491] module 'simple_min' declared at 'c:/Users/Mitch/Documents/DCA/PYNQ_integration/PYNQ_integration.srcs/sources_1/bd/design_1/ipshared/54aa/simple_min.vhd:5' bound to instance 'MINX' of component 'simple_min' [c:/Users/Mitch/Documents/DCA/PYNQ_integration/PYNQ_integration.srcs/sources_1/bd/design_1/ipshared/54aa/axi_cusum.vhd:342]
	Parameter DATA_WIDTH bound to: 32 - type: integer 
INFO: [Synth 8-3491] module 'simple_min' declared at 'c:/Users/Mitch/Documents/DCA/PYNQ_integration/PYNQ_integration.srcs/sources_1/bd/design_1/ipshared/54aa/simple_min.vhd:5' bound to instance 'MINX' of component 'simple_min' [c:/Users/Mitch/Documents/DCA/PYNQ_integration/PYNQ_integration.srcs/sources_1/bd/design_1/ipshared/54aa/axi_cusum.vhd:342]
	Parameter DATA_WIDTH bound to: 32 - type: integer 
INFO: [Synth 8-3491] module 'simple_max' declared at 'c:/Users/Mitch/Documents/DCA/PYNQ_integration/PYNQ_integration.srcs/sources_1/bd/design_1/ipshared/54aa/simple_max.vhd:5' bound to instance 'MAXX' of component 'simple_max' [c:/Users/Mitch/Documents/DCA/PYNQ_integration/PYNQ_integration.srcs/sources_1/bd/design_1/ipshared/54aa/axi_cusum.vhd:357]
INFO: [Synth 8-638] synthesizing module 'simple_max' [c:/Users/Mitch/Documents/DCA/PYNQ_integration/PYNQ_integration.srcs/sources_1/bd/design_1/ipshared/54aa/simple_max.vhd:16]
	Parameter DATA_WIDTH bound to: 32 - type: integer 
INFO: [Synth 8-256] done synthesizing module 'simple_max' (4#1) [c:/Users/Mitch/Documents/DCA/PYNQ_integration/PYNQ_integration.srcs/sources_1/bd/design_1/ipshared/54aa/simple_max.vhd:16]
	Parameter DATA_WIDTH bound to: 32 - type: integer 
INFO: [Synth 8-3491] module 'simple_max' declared at 'c:/Users/Mitch/Documents/DCA/PYNQ_integration/PYNQ_integration.srcs/sources_1/bd/design_1/ipshared/54aa/simple_max.vhd:5' bound to instance 'MAXX' of component 'simple_max' [c:/Users/Mitch/Documents/DCA/PYNQ_integration/PYNQ_integration.srcs/sources_1/bd/design_1/ipshared/54aa/axi_cusum.vhd:357]
	Parameter DATA_WIDTH bound to: 32 - type: integer 
INFO: [Synth 8-3491] module 'simple_max' declared at 'c:/Users/Mitch/Documents/DCA/PYNQ_integration/PYNQ_integration.srcs/sources_1/bd/design_1/ipshared/54aa/simple_max.vhd:5' bound to instance 'MAXX' of component 'simple_max' [c:/Users/Mitch/Documents/DCA/PYNQ_integration/PYNQ_integration.srcs/sources_1/bd/design_1/ipshared/54aa/axi_cusum.vhd:357]
	Parameter DATA_WIDTH bound to: 32 - type: integer 
INFO: [Synth 8-3491] module 'simple_max' declared at 'c:/Users/Mitch/Documents/DCA/PYNQ_integration/PYNQ_integration.srcs/sources_1/bd/design_1/ipshared/54aa/simple_max.vhd:5' bound to instance 'MAXX' of component 'simple_max' [c:/Users/Mitch/Documents/DCA/PYNQ_integration/PYNQ_integration.srcs/sources_1/bd/design_1/ipshared/54aa/axi_cusum.vhd:357]
	Parameter DATA_WIDTH bound to: 32 - type: integer 
INFO: [Synth 8-3491] module 'simple_max' declared at 'c:/Users/Mitch/Documents/DCA/PYNQ_integration/PYNQ_integration.srcs/sources_1/bd/design_1/ipshared/54aa/simple_max.vhd:5' bound to instance 'MAXX' of component 'simple_max' [c:/Users/Mitch/Documents/DCA/PYNQ_integration/PYNQ_integration.srcs/sources_1/bd/design_1/ipshared/54aa/axi_cusum.vhd:357]
	Parameter DATA_WIDTH bound to: 32 - type: integer 
INFO: [Synth 8-3491] module 'simple_max' declared at 'c:/Users/Mitch/Documents/DCA/PYNQ_integration/PYNQ_integration.srcs/sources_1/bd/design_1/ipshared/54aa/simple_max.vhd:5' bound to instance 'MAXX' of component 'simple_max' [c:/Users/Mitch/Documents/DCA/PYNQ_integration/PYNQ_integration.srcs/sources_1/bd/design_1/ipshared/54aa/axi_cusum.vhd:357]
	Parameter DATA_WIDTH bound to: 32 - type: integer 
INFO: [Synth 8-3491] module 'simple_max' declared at 'c:/Users/Mitch/Documents/DCA/PYNQ_integration/PYNQ_integration.srcs/sources_1/bd/design_1/ipshared/54aa/simple_max.vhd:5' bound to instance 'MAXX' of component 'simple_max' [c:/Users/Mitch/Documents/DCA/PYNQ_integration/PYNQ_integration.srcs/sources_1/bd/design_1/ipshared/54aa/axi_cusum.vhd:357]
	Parameter DATA_WIDTH bound to: 32 - type: integer 
INFO: [Synth 8-3491] module 'simple_sub' declared at 'c:/Users/Mitch/Documents/DCA/PYNQ_integration/PYNQ_integration.srcs/sources_1/bd/design_1/ipshared/54aa/simple_sub.vhd:5' bound to instance 'CONSTSUBS' of component 'simple_sub' [c:/Users/Mitch/Documents/DCA/PYNQ_integration/PYNQ_integration.srcs/sources_1/bd/design_1/ipshared/54aa/axi_cusum.vhd:369]
INFO: [Synth 8-638] synthesizing module 'simple_sub' [c:/Users/Mitch/Documents/DCA/PYNQ_integration/PYNQ_integration.srcs/sources_1/bd/design_1/ipshared/54aa/simple_sub.vhd:16]
	Parameter DATA_WIDTH bound to: 32 - type: integer 
INFO: [Synth 8-256] done synthesizing module 'simple_sub' (5#1) [c:/Users/Mitch/Documents/DCA/PYNQ_integration/PYNQ_integration.srcs/sources_1/bd/design_1/ipshared/54aa/simple_sub.vhd:16]
	Parameter DATA_WIDTH bound to: 32 - type: integer 
INFO: [Synth 8-3491] module 'simple_sub' declared at 'c:/Users/Mitch/Documents/DCA/PYNQ_integration/PYNQ_integration.srcs/sources_1/bd/design_1/ipshared/54aa/simple_sub.vhd:5' bound to instance 'CONSTSUBS' of component 'simple_sub' [c:/Users/Mitch/Documents/DCA/PYNQ_integration/PYNQ_integration.srcs/sources_1/bd/design_1/ipshared/54aa/axi_cusum.vhd:369]
	Parameter DATA_WIDTH bound to: 32 - type: integer 
INFO: [Synth 8-3491] module 'simple_sub' declared at 'c:/Users/Mitch/Documents/DCA/PYNQ_integration/PYNQ_integration.srcs/sources_1/bd/design_1/ipshared/54aa/simple_sub.vhd:5' bound to instance 'CONSTSUBS' of component 'simple_sub' [c:/Users/Mitch/Documents/DCA/PYNQ_integration/PYNQ_integration.srcs/sources_1/bd/design_1/ipshared/54aa/axi_cusum.vhd:369]
	Parameter DATA_WIDTH bound to: 32 - type: integer 
INFO: [Synth 8-3491] module 'simple_sub' declared at 'c:/Users/Mitch/Documents/DCA/PYNQ_integration/PYNQ_integration.srcs/sources_1/bd/design_1/ipshared/54aa/simple_sub.vhd:5' bound to instance 'CONSTSUBS' of component 'simple_sub' [c:/Users/Mitch/Documents/DCA/PYNQ_integration/PYNQ_integration.srcs/sources_1/bd/design_1/ipshared/54aa/axi_cusum.vhd:369]
	Parameter DATA_WIDTH bound to: 32 - type: integer 
INFO: [Synth 8-3491] module 'simple_sub' declared at 'c:/Users/Mitch/Documents/DCA/PYNQ_integration/PYNQ_integration.srcs/sources_1/bd/design_1/ipshared/54aa/simple_sub.vhd:5' bound to instance 'CONSTSUBS' of component 'simple_sub' [c:/Users/Mitch/Documents/DCA/PYNQ_integration/PYNQ_integration.srcs/sources_1/bd/design_1/ipshared/54aa/axi_cusum.vhd:369]
	Parameter DATA_WIDTH bound to: 32 - type: integer 
INFO: [Synth 8-3491] module 'simple_sub' declared at 'c:/Users/Mitch/Documents/DCA/PYNQ_integration/PYNQ_integration.srcs/sources_1/bd/design_1/ipshared/54aa/simple_sub.vhd:5' bound to instance 'CONSTSUBS' of component 'simple_sub' [c:/Users/Mitch/Documents/DCA/PYNQ_integration/PYNQ_integration.srcs/sources_1/bd/design_1/ipshared/54aa/axi_cusum.vhd:369]
	Parameter DATA_WIDTH bound to: 32 - type: integer 
INFO: [Synth 8-3491] module 'simple_sub' declared at 'c:/Users/Mitch/Documents/DCA/PYNQ_integration/PYNQ_integration.srcs/sources_1/bd/design_1/ipshared/54aa/simple_sub.vhd:5' bound to instance 'CONSTSUBS' of component 'simple_sub' [c:/Users/Mitch/Documents/DCA/PYNQ_integration/PYNQ_integration.srcs/sources_1/bd/design_1/ipshared/54aa/axi_cusum.vhd:369]
	Parameter DATA_WIDTH bound to: 32 - type: integer 
INFO: [Synth 8-3491] module 'simple_sub' declared at 'c:/Users/Mitch/Documents/DCA/PYNQ_integration/PYNQ_integration.srcs/sources_1/bd/design_1/ipshared/54aa/simple_sub.vhd:5' bound to instance 'CONSTSUBS' of component 'simple_sub' [c:/Users/Mitch/Documents/DCA/PYNQ_integration/PYNQ_integration.srcs/sources_1/bd/design_1/ipshared/54aa/axi_cusum.vhd:369]
	Parameter DATA_WIDTH bound to: 32 - type: integer 
INFO: [Synth 8-3491] module 'simple_sub' declared at 'c:/Users/Mitch/Documents/DCA/PYNQ_integration/PYNQ_integration.srcs/sources_1/bd/design_1/ipshared/54aa/simple_sub.vhd:5' bound to instance 'MINMAX' of component 'simple_sub' [c:/Users/Mitch/Documents/DCA/PYNQ_integration/PYNQ_integration.srcs/sources_1/bd/design_1/ipshared/54aa/axi_cusum.vhd:381]
INFO: [Synth 8-226] default block is never used [c:/Users/Mitch/Documents/DCA/PYNQ_integration/PYNQ_integration.srcs/sources_1/bd/design_1/ipshared/54aa/axi_cusum.vhd:465]
INFO: [Synth 8-256] done synthesizing module 'axi_cusum' (6#1) [c:/Users/Mitch/Documents/DCA/PYNQ_integration/PYNQ_integration.srcs/sources_1/bd/design_1/ipshared/54aa/axi_cusum.vhd:88]
INFO: [Synth 8-256] done synthesizing module 'design_1_axi_cusum_0_0' (7#1) [c:/Users/Mitch/Documents/DCA/PYNQ_integration/PYNQ_integration.srcs/sources_1/bd/design_1/ip/design_1_axi_cusum_0_0/synth/design_1_axi_cusum_0_0.vhd:82]
WARNING: [Synth 8-3331] design mm_cusum has unconnected port DataOut[255]
WARNING: [Synth 8-3331] design mm_cusum has unconnected port DataOut[254]
WARNING: [Synth 8-3331] design mm_cusum has unconnected port DataOut[253]
WARNING: [Synth 8-3331] design mm_cusum has unconnected port DataOut[252]
WARNING: [Synth 8-3331] design mm_cusum has unconnected port DataOut[251]
WARNING: [Synth 8-3331] design mm_cusum has unconnected port DataOut[250]
WARNING: [Synth 8-3331] design mm_cusum has unconnected port DataOut[249]
WARNING: [Synth 8-3331] design mm_cusum has unconnected port DataOut[248]
WARNING: [Synth 8-3331] design mm_cusum has unconnected port DataOut[247]
WARNING: [Synth 8-3331] design mm_cusum has unconnected port DataOut[246]
WARNING: [Synth 8-3331] design mm_cusum has unconnected port DataOut[245]
WARNING: [Synth 8-3331] design mm_cusum has unconnected port DataOut[244]
WARNING: [Synth 8-3331] design mm_cusum has unconnected port DataOut[243]
WARNING: [Synth 8-3331] design mm_cusum has unconnected port DataOut[242]
WARNING: [Synth 8-3331] design mm_cusum has unconnected port DataOut[241]
WARNING: [Synth 8-3331] design mm_cusum has unconnected port DataOut[240]
WARNING: [Synth 8-3331] design mm_cusum has unconnected port DataOut[239]
WARNING: [Synth 8-3331] design mm_cusum has unconnected port DataOut[238]
WARNING: [Synth 8-3331] design mm_cusum has unconnected port DataOut[237]
WARNING: [Synth 8-3331] design mm_cusum has unconnected port DataOut[236]
WARNING: [Synth 8-3331] design mm_cusum has unconnected port DataOut[235]
WARNING: [Synth 8-3331] design mm_cusum has unconnected port DataOut[234]
WARNING: [Synth 8-3331] design mm_cusum has unconnected port DataOut[233]
WARNING: [Synth 8-3331] design mm_cusum has unconnected port DataOut[232]
WARNING: [Synth 8-3331] design mm_cusum has unconnected port DataOut[231]
WARNING: [Synth 8-3331] design mm_cusum has unconnected port DataOut[230]
WARNING: [Synth 8-3331] design mm_cusum has unconnected port DataOut[229]
WARNING: [Synth 8-3331] design mm_cusum has unconnected port DataOut[228]
WARNING: [Synth 8-3331] design mm_cusum has unconnected port DataOut[227]
WARNING: [Synth 8-3331] design mm_cusum has unconnected port DataOut[226]
WARNING: [Synth 8-3331] design mm_cusum has unconnected port DataOut[225]
WARNING: [Synth 8-3331] design mm_cusum has unconnected port DataOut[224]
WARNING: [Synth 8-3331] design mm_cusum has unconnected port MeansOut[255]
WARNING: [Synth 8-3331] design mm_cusum has unconnected port MeansOut[254]
WARNING: [Synth 8-3331] design mm_cusum has unconnected port MeansOut[253]
WARNING: [Synth 8-3331] design mm_cusum has unconnected port MeansOut[252]
WARNING: [Synth 8-3331] design mm_cusum has unconnected port MeansOut[251]
WARNING: [Synth 8-3331] design mm_cusum has unconnected port MeansOut[250]
WARNING: [Synth 8-3331] design mm_cusum has unconnected port MeansOut[249]
WARNING: [Synth 8-3331] design mm_cusum has unconnected port MeansOut[248]
WARNING: [Synth 8-3331] design mm_cusum has unconnected port MeansOut[247]
WARNING: [Synth 8-3331] design mm_cusum has unconnected port MeansOut[246]
WARNING: [Synth 8-3331] design mm_cusum has unconnected port MeansOut[245]
WARNING: [Synth 8-3331] design mm_cusum has unconnected port MeansOut[244]
WARNING: [Synth 8-3331] design mm_cusum has unconnected port MeansOut[243]
WARNING: [Synth 8-3331] design mm_cusum has unconnected port MeansOut[242]
WARNING: [Synth 8-3331] design mm_cusum has unconnected port MeansOut[241]
WARNING: [Synth 8-3331] design mm_cusum has unconnected port MeansOut[240]
WARNING: [Synth 8-3331] design mm_cusum has unconnected port MeansOut[239]
WARNING: [Synth 8-3331] design mm_cusum has unconnected port MeansOut[238]
WARNING: [Synth 8-3331] design mm_cusum has unconnected port MeansOut[237]
WARNING: [Synth 8-3331] design mm_cusum has unconnected port MeansOut[236]
WARNING: [Synth 8-3331] design mm_cusum has unconnected port MeansOut[235]
WARNING: [Synth 8-3331] design mm_cusum has unconnected port MeansOut[234]
WARNING: [Synth 8-3331] design mm_cusum has unconnected port MeansOut[233]
WARNING: [Synth 8-3331] design mm_cusum has unconnected port MeansOut[232]
WARNING: [Synth 8-3331] design mm_cusum has unconnected port MeansOut[231]
WARNING: [Synth 8-3331] design mm_cusum has unconnected port MeansOut[230]
WARNING: [Synth 8-3331] design mm_cusum has unconnected port MeansOut[229]
WARNING: [Synth 8-3331] design mm_cusum has unconnected port MeansOut[228]
WARNING: [Synth 8-3331] design mm_cusum has unconnected port MeansOut[227]
WARNING: [Synth 8-3331] design mm_cusum has unconnected port MeansOut[226]
WARNING: [Synth 8-3331] design mm_cusum has unconnected port MeansOut[225]
WARNING: [Synth 8-3331] design mm_cusum has unconnected port MeansOut[224]
WARNING: [Synth 8-3331] design mm_cusum has unconnected port MeansOut[223]
WARNING: [Synth 8-3331] design mm_cusum has unconnected port MeansOut[222]
WARNING: [Synth 8-3331] design mm_cusum has unconnected port MeansOut[221]
WARNING: [Synth 8-3331] design mm_cusum has unconnected port MeansOut[220]
WARNING: [Synth 8-3331] design mm_cusum has unconnected port MeansOut[219]
WARNING: [Synth 8-3331] design mm_cusum has unconnected port MeansOut[218]
WARNING: [Synth 8-3331] design mm_cusum has unconnected port MeansOut[217]
WARNING: [Synth 8-3331] design mm_cusum has unconnected port MeansOut[216]
WARNING: [Synth 8-3331] design mm_cusum has unconnected port MeansOut[215]
WARNING: [Synth 8-3331] design mm_cusum has unconnected port MeansOut[214]
WARNING: [Synth 8-3331] design mm_cusum has unconnected port MeansOut[213]
WARNING: [Synth 8-3331] design mm_cusum has unconnected port MeansOut[212]
WARNING: [Synth 8-3331] design mm_cusum has unconnected port MeansOut[211]
WARNING: [Synth 8-3331] design mm_cusum has unconnected port MeansOut[210]
WARNING: [Synth 8-3331] design mm_cusum has unconnected port MeansOut[209]
WARNING: [Synth 8-3331] design mm_cusum has unconnected port MeansOut[208]
WARNING: [Synth 8-3331] design mm_cusum has unconnected port MeansOut[207]
WARNING: [Synth 8-3331] design mm_cusum has unconnected port MeansOut[206]
WARNING: [Synth 8-3331] design mm_cusum has unconnected port MeansOut[205]
WARNING: [Synth 8-3331] design mm_cusum has unconnected port MeansOut[204]
WARNING: [Synth 8-3331] design mm_cusum has unconnected port MeansOut[203]
WARNING: [Synth 8-3331] design mm_cusum has unconnected port MeansOut[202]
WARNING: [Synth 8-3331] design mm_cusum has unconnected port MeansOut[201]
WARNING: [Synth 8-3331] design mm_cusum has unconnected port MeansOut[200]
WARNING: [Synth 8-3331] design mm_cusum has unconnected port MeansOut[199]
WARNING: [Synth 8-3331] design mm_cusum has unconnected port MeansOut[198]
WARNING: [Synth 8-3331] design mm_cusum has unconnected port MeansOut[197]
WARNING: [Synth 8-3331] design mm_cusum has unconnected port MeansOut[196]
WARNING: [Synth 8-3331] design mm_cusum has unconnected port MeansOut[195]
WARNING: [Synth 8-3331] design mm_cusum has unconnected port MeansOut[194]
WARNING: [Synth 8-3331] design mm_cusum has unconnected port MeansOut[193]
WARNING: [Synth 8-3331] design mm_cusum has unconnected port MeansOut[192]
WARNING: [Synth 8-3331] design mm_cusum has unconnected port MeansOut[191]
WARNING: [Synth 8-3331] design mm_cusum has unconnected port MeansOut[190]
WARNING: [Synth 8-3331] design mm_cusum has unconnected port MeansOut[189]
WARNING: [Synth 8-3331] design mm_cusum has unconnected port MeansOut[188]
INFO: [Common 17-14] Message 'Synth 8-3331' appears 100 times and further instances of the messages will be disabled. Use the Tcl command set_msg_config to change the current settings.
---------------------------------------------------------------------------------
Finished RTL Elaboration : Time (s): cpu = 00:00:08 ; elapsed = 00:00:09 . Memory (MB): peak = 446.109 ; gain = 155.824
---------------------------------------------------------------------------------

Report Check Netlist: 
+------+------------------+-------+---------+-------+------------------+
|      |Item              |Errors |Warnings |Status |Description       |
+------+------------------+-------+---------+-------+------------------+
|1     |multi_driven_nets |      0|        0|Passed |Multi driven nets |
+------+------------------+-------+---------+-------+------------------+
WARNING: [Synth 8-3295] tying undriven pin MINMAX:A[31] to constant 0 [c:/Users/Mitch/Documents/DCA/PYNQ_integration/PYNQ_integration.srcs/sources_1/bd/design_1/ipshared/54aa/axi_cusum.vhd:381]
WARNING: [Synth 8-3295] tying undriven pin MINMAX:A[30] to constant 0 [c:/Users/Mitch/Documents/DCA/PYNQ_integration/PYNQ_integration.srcs/sources_1/bd/design_1/ipshared/54aa/axi_cusum.vhd:381]
WARNING: [Synth 8-3295] tying undriven pin MINMAX:A[29] to constant 0 [c:/Users/Mitch/Documents/DCA/PYNQ_integration/PYNQ_integration.srcs/sources_1/bd/design_1/ipshared/54aa/axi_cusum.vhd:381]
WARNING: [Synth 8-3295] tying undriven pin MINMAX:A[28] to constant 0 [c:/Users/Mitch/Documents/DCA/PYNQ_integration/PYNQ_integration.srcs/sources_1/bd/design_1/ipshared/54aa/axi_cusum.vhd:381]
WARNING: [Synth 8-3295] tying undriven pin MINMAX:A[27] to constant 0 [c:/Users/Mitch/Documents/DCA/PYNQ_integration/PYNQ_integration.srcs/sources_1/bd/design_1/ipshared/54aa/axi_cusum.vhd:381]
WARNING: [Synth 8-3295] tying undriven pin MINMAX:A[26] to constant 0 [c:/Users/Mitch/Documents/DCA/PYNQ_integration/PYNQ_integration.srcs/sources_1/bd/design_1/ipshared/54aa/axi_cusum.vhd:381]
WARNING: [Synth 8-3295] tying undriven pin MINMAX:A[25] to constant 0 [c:/Users/Mitch/Documents/DCA/PYNQ_integration/PYNQ_integration.srcs/sources_1/bd/design_1/ipshared/54aa/axi_cusum.vhd:381]
WARNING: [Synth 8-3295] tying undriven pin MINMAX:A[24] to constant 0 [c:/Users/Mitch/Documents/DCA/PYNQ_integration/PYNQ_integration.srcs/sources_1/bd/design_1/ipshared/54aa/axi_cusum.vhd:381]
WARNING: [Synth 8-3295] tying undriven pin MINMAX:A[23] to constant 0 [c:/Users/Mitch/Documents/DCA/PYNQ_integration/PYNQ_integration.srcs/sources_1/bd/design_1/ipshared/54aa/axi_cusum.vhd:381]
WARNING: [Synth 8-3295] tying undriven pin MINMAX:A[22] to constant 0 [c:/Users/Mitch/Documents/DCA/PYNQ_integration/PYNQ_integration.srcs/sources_1/bd/design_1/ipshared/54aa/axi_cusum.vhd:381]
WARNING: [Synth 8-3295] tying undriven pin MINMAX:A[21] to constant 0 [c:/Users/Mitch/Documents/DCA/PYNQ_integration/PYNQ_integration.srcs/sources_1/bd/design_1/ipshared/54aa/axi_cusum.vhd:381]
WARNING: [Synth 8-3295] tying undriven pin MINMAX:A[20] to constant 0 [c:/Users/Mitch/Documents/DCA/PYNQ_integration/PYNQ_integration.srcs/sources_1/bd/design_1/ipshared/54aa/axi_cusum.vhd:381]
WARNING: [Synth 8-3295] tying undriven pin MINMAX:A[19] to constant 0 [c:/Users/Mitch/Documents/DCA/PYNQ_integration/PYNQ_integration.srcs/sources_1/bd/design_1/ipshared/54aa/axi_cusum.vhd:381]
WARNING: [Synth 8-3295] tying undriven pin MINMAX:A[18] to constant 0 [c:/Users/Mitch/Documents/DCA/PYNQ_integration/PYNQ_integration.srcs/sources_1/bd/design_1/ipshared/54aa/axi_cusum.vhd:381]
WARNING: [Synth 8-3295] tying undriven pin MINMAX:A[17] to constant 0 [c:/Users/Mitch/Documents/DCA/PYNQ_integration/PYNQ_integration.srcs/sources_1/bd/design_1/ipshared/54aa/axi_cusum.vhd:381]
WARNING: [Synth 8-3295] tying undriven pin MINMAX:A[16] to constant 0 [c:/Users/Mitch/Documents/DCA/PYNQ_integration/PYNQ_integration.srcs/sources_1/bd/design_1/ipshared/54aa/axi_cusum.vhd:381]
WARNING: [Synth 8-3295] tying undriven pin MINMAX:A[15] to constant 0 [c:/Users/Mitch/Documents/DCA/PYNQ_integration/PYNQ_integration.srcs/sources_1/bd/design_1/ipshared/54aa/axi_cusum.vhd:381]
WARNING: [Synth 8-3295] tying undriven pin MINMAX:A[14] to constant 0 [c:/Users/Mitch/Documents/DCA/PYNQ_integration/PYNQ_integration.srcs/sources_1/bd/design_1/ipshared/54aa/axi_cusum.vhd:381]
WARNING: [Synth 8-3295] tying undriven pin MINMAX:A[13] to constant 0 [c:/Users/Mitch/Documents/DCA/PYNQ_integration/PYNQ_integration.srcs/sources_1/bd/design_1/ipshared/54aa/axi_cusum.vhd:381]
WARNING: [Synth 8-3295] tying undriven pin MINMAX:A[12] to constant 0 [c:/Users/Mitch/Documents/DCA/PYNQ_integration/PYNQ_integration.srcs/sources_1/bd/design_1/ipshared/54aa/axi_cusum.vhd:381]
WARNING: [Synth 8-3295] tying undriven pin MINMAX:A[11] to constant 0 [c:/Users/Mitch/Documents/DCA/PYNQ_integration/PYNQ_integration.srcs/sources_1/bd/design_1/ipshared/54aa/axi_cusum.vhd:381]
WARNING: [Synth 8-3295] tying undriven pin MINMAX:A[10] to constant 0 [c:/Users/Mitch/Documents/DCA/PYNQ_integration/PYNQ_integration.srcs/sources_1/bd/design_1/ipshared/54aa/axi_cusum.vhd:381]
WARNING: [Synth 8-3295] tying undriven pin MINMAX:A[9] to constant 0 [c:/Users/Mitch/Documents/DCA/PYNQ_integration/PYNQ_integration.srcs/sources_1/bd/design_1/ipshared/54aa/axi_cusum.vhd:381]
WARNING: [Synth 8-3295] tying undriven pin MINMAX:A[8] to constant 0 [c:/Users/Mitch/Documents/DCA/PYNQ_integration/PYNQ_integration.srcs/sources_1/bd/design_1/ipshared/54aa/axi_cusum.vhd:381]
WARNING: [Synth 8-3295] tying undriven pin MINMAX:A[7] to constant 0 [c:/Users/Mitch/Documents/DCA/PYNQ_integration/PYNQ_integration.srcs/sources_1/bd/design_1/ipshared/54aa/axi_cusum.vhd:381]
WARNING: [Synth 8-3295] tying undriven pin MINMAX:A[6] to constant 0 [c:/Users/Mitch/Documents/DCA/PYNQ_integration/PYNQ_integration.srcs/sources_1/bd/design_1/ipshared/54aa/axi_cusum.vhd:381]
WARNING: [Synth 8-3295] tying undriven pin MINMAX:A[5] to constant 0 [c:/Users/Mitch/Documents/DCA/PYNQ_integration/PYNQ_integration.srcs/sources_1/bd/design_1/ipshared/54aa/axi_cusum.vhd:381]
WARNING: [Synth 8-3295] tying undriven pin MINMAX:A[4] to constant 0 [c:/Users/Mitch/Documents/DCA/PYNQ_integration/PYNQ_integration.srcs/sources_1/bd/design_1/ipshared/54aa/axi_cusum.vhd:381]
WARNING: [Synth 8-3295] tying undriven pin MINMAX:A[3] to constant 0 [c:/Users/Mitch/Documents/DCA/PYNQ_integration/PYNQ_integration.srcs/sources_1/bd/design_1/ipshared/54aa/axi_cusum.vhd:381]
WARNING: [Synth 8-3295] tying undriven pin MINMAX:A[2] to constant 0 [c:/Users/Mitch/Documents/DCA/PYNQ_integration/PYNQ_integration.srcs/sources_1/bd/design_1/ipshared/54aa/axi_cusum.vhd:381]
WARNING: [Synth 8-3295] tying undriven pin MINMAX:A[1] to constant 0 [c:/Users/Mitch/Documents/DCA/PYNQ_integration/PYNQ_integration.srcs/sources_1/bd/design_1/ipshared/54aa/axi_cusum.vhd:381]
WARNING: [Synth 8-3295] tying undriven pin MINMAX:A[0] to constant 0 [c:/Users/Mitch/Documents/DCA/PYNQ_integration/PYNQ_integration.srcs/sources_1/bd/design_1/ipshared/54aa/axi_cusum.vhd:381]
WARNING: [Synth 8-3295] tying undriven pin MINMAX:B[31] to constant 0 [c:/Users/Mitch/Documents/DCA/PYNQ_integration/PYNQ_integration.srcs/sources_1/bd/design_1/ipshared/54aa/axi_cusum.vhd:381]
WARNING: [Synth 8-3295] tying undriven pin MINMAX:B[30] to constant 0 [c:/Users/Mitch/Documents/DCA/PYNQ_integration/PYNQ_integration.srcs/sources_1/bd/design_1/ipshared/54aa/axi_cusum.vhd:381]
WARNING: [Synth 8-3295] tying undriven pin MINMAX:B[29] to constant 0 [c:/Users/Mitch/Documents/DCA/PYNQ_integration/PYNQ_integration.srcs/sources_1/bd/design_1/ipshared/54aa/axi_cusum.vhd:381]
WARNING: [Synth 8-3295] tying undriven pin MINMAX:B[28] to constant 0 [c:/Users/Mitch/Documents/DCA/PYNQ_integration/PYNQ_integration.srcs/sources_1/bd/design_1/ipshared/54aa/axi_cusum.vhd:381]
WARNING: [Synth 8-3295] tying undriven pin MINMAX:B[27] to constant 0 [c:/Users/Mitch/Documents/DCA/PYNQ_integration/PYNQ_integration.srcs/sources_1/bd/design_1/ipshared/54aa/axi_cusum.vhd:381]
WARNING: [Synth 8-3295] tying undriven pin MINMAX:B[26] to constant 0 [c:/Users/Mitch/Documents/DCA/PYNQ_integration/PYNQ_integration.srcs/sources_1/bd/design_1/ipshared/54aa/axi_cusum.vhd:381]
WARNING: [Synth 8-3295] tying undriven pin MINMAX:B[25] to constant 0 [c:/Users/Mitch/Documents/DCA/PYNQ_integration/PYNQ_integration.srcs/sources_1/bd/design_1/ipshared/54aa/axi_cusum.vhd:381]
WARNING: [Synth 8-3295] tying undriven pin MINMAX:B[24] to constant 0 [c:/Users/Mitch/Documents/DCA/PYNQ_integration/PYNQ_integration.srcs/sources_1/bd/design_1/ipshared/54aa/axi_cusum.vhd:381]
WARNING: [Synth 8-3295] tying undriven pin MINMAX:B[23] to constant 0 [c:/Users/Mitch/Documents/DCA/PYNQ_integration/PYNQ_integration.srcs/sources_1/bd/design_1/ipshared/54aa/axi_cusum.vhd:381]
WARNING: [Synth 8-3295] tying undriven pin MINMAX:B[22] to constant 0 [c:/Users/Mitch/Documents/DCA/PYNQ_integration/PYNQ_integration.srcs/sources_1/bd/design_1/ipshared/54aa/axi_cusum.vhd:381]
WARNING: [Synth 8-3295] tying undriven pin MINMAX:B[21] to constant 0 [c:/Users/Mitch/Documents/DCA/PYNQ_integration/PYNQ_integration.srcs/sources_1/bd/design_1/ipshared/54aa/axi_cusum.vhd:381]
WARNING: [Synth 8-3295] tying undriven pin MINMAX:B[20] to constant 0 [c:/Users/Mitch/Documents/DCA/PYNQ_integration/PYNQ_integration.srcs/sources_1/bd/design_1/ipshared/54aa/axi_cusum.vhd:381]
WARNING: [Synth 8-3295] tying undriven pin MINMAX:B[19] to constant 0 [c:/Users/Mitch/Documents/DCA/PYNQ_integration/PYNQ_integration.srcs/sources_1/bd/design_1/ipshared/54aa/axi_cusum.vhd:381]
WARNING: [Synth 8-3295] tying undriven pin MINMAX:B[18] to constant 0 [c:/Users/Mitch/Documents/DCA/PYNQ_integration/PYNQ_integration.srcs/sources_1/bd/design_1/ipshared/54aa/axi_cusum.vhd:381]
WARNING: [Synth 8-3295] tying undriven pin MINMAX:B[17] to constant 0 [c:/Users/Mitch/Documents/DCA/PYNQ_integration/PYNQ_integration.srcs/sources_1/bd/design_1/ipshared/54aa/axi_cusum.vhd:381]
WARNING: [Synth 8-3295] tying undriven pin MINMAX:B[16] to constant 0 [c:/Users/Mitch/Documents/DCA/PYNQ_integration/PYNQ_integration.srcs/sources_1/bd/design_1/ipshared/54aa/axi_cusum.vhd:381]
WARNING: [Synth 8-3295] tying undriven pin MINMAX:B[15] to constant 0 [c:/Users/Mitch/Documents/DCA/PYNQ_integration/PYNQ_integration.srcs/sources_1/bd/design_1/ipshared/54aa/axi_cusum.vhd:381]
WARNING: [Synth 8-3295] tying undriven pin MINMAX:B[14] to constant 0 [c:/Users/Mitch/Documents/DCA/PYNQ_integration/PYNQ_integration.srcs/sources_1/bd/design_1/ipshared/54aa/axi_cusum.vhd:381]
WARNING: [Synth 8-3295] tying undriven pin MINMAX:B[13] to constant 0 [c:/Users/Mitch/Documents/DCA/PYNQ_integration/PYNQ_integration.srcs/sources_1/bd/design_1/ipshared/54aa/axi_cusum.vhd:381]
WARNING: [Synth 8-3295] tying undriven pin MINMAX:B[12] to constant 0 [c:/Users/Mitch/Documents/DCA/PYNQ_integration/PYNQ_integration.srcs/sources_1/bd/design_1/ipshared/54aa/axi_cusum.vhd:381]
WARNING: [Synth 8-3295] tying undriven pin MINMAX:B[11] to constant 0 [c:/Users/Mitch/Documents/DCA/PYNQ_integration/PYNQ_integration.srcs/sources_1/bd/design_1/ipshared/54aa/axi_cusum.vhd:381]
WARNING: [Synth 8-3295] tying undriven pin MINMAX:B[10] to constant 0 [c:/Users/Mitch/Documents/DCA/PYNQ_integration/PYNQ_integration.srcs/sources_1/bd/design_1/ipshared/54aa/axi_cusum.vhd:381]
WARNING: [Synth 8-3295] tying undriven pin MINMAX:B[9] to constant 0 [c:/Users/Mitch/Documents/DCA/PYNQ_integration/PYNQ_integration.srcs/sources_1/bd/design_1/ipshared/54aa/axi_cusum.vhd:381]
WARNING: [Synth 8-3295] tying undriven pin MINMAX:B[8] to constant 0 [c:/Users/Mitch/Documents/DCA/PYNQ_integration/PYNQ_integration.srcs/sources_1/bd/design_1/ipshared/54aa/axi_cusum.vhd:381]
WARNING: [Synth 8-3295] tying undriven pin MINMAX:B[7] to constant 0 [c:/Users/Mitch/Documents/DCA/PYNQ_integration/PYNQ_integration.srcs/sources_1/bd/design_1/ipshared/54aa/axi_cusum.vhd:381]
WARNING: [Synth 8-3295] tying undriven pin MINMAX:B[6] to constant 0 [c:/Users/Mitch/Documents/DCA/PYNQ_integration/PYNQ_integration.srcs/sources_1/bd/design_1/ipshared/54aa/axi_cusum.vhd:381]
WARNING: [Synth 8-3295] tying undriven pin MINMAX:B[5] to constant 0 [c:/Users/Mitch/Documents/DCA/PYNQ_integration/PYNQ_integration.srcs/sources_1/bd/design_1/ipshared/54aa/axi_cusum.vhd:381]
WARNING: [Synth 8-3295] tying undriven pin MINMAX:B[4] to constant 0 [c:/Users/Mitch/Documents/DCA/PYNQ_integration/PYNQ_integration.srcs/sources_1/bd/design_1/ipshared/54aa/axi_cusum.vhd:381]
WARNING: [Synth 8-3295] tying undriven pin MINMAX:B[3] to constant 0 [c:/Users/Mitch/Documents/DCA/PYNQ_integration/PYNQ_integration.srcs/sources_1/bd/design_1/ipshared/54aa/axi_cusum.vhd:381]
WARNING: [Synth 8-3295] tying undriven pin MINMAX:B[2] to constant 0 [c:/Users/Mitch/Documents/DCA/PYNQ_integration/PYNQ_integration.srcs/sources_1/bd/design_1/ipshared/54aa/axi_cusum.vhd:381]
WARNING: [Synth 8-3295] tying undriven pin MINMAX:B[1] to constant 0 [c:/Users/Mitch/Documents/DCA/PYNQ_integration/PYNQ_integration.srcs/sources_1/bd/design_1/ipshared/54aa/axi_cusum.vhd:381]
WARNING: [Synth 8-3295] tying undriven pin MINMAX:B[0] to constant 0 [c:/Users/Mitch/Documents/DCA/PYNQ_integration/PYNQ_integration.srcs/sources_1/bd/design_1/ipshared/54aa/axi_cusum.vhd:381]
---------------------------------------------------------------------------------
Start Handling Custom Attributes
---------------------------------------------------------------------------------
---------------------------------------------------------------------------------
Finished Handling Custom Attributes : Time (s): cpu = 00:00:08 ; elapsed = 00:00:09 . Memory (MB): peak = 446.109 ; gain = 155.824
---------------------------------------------------------------------------------
---------------------------------------------------------------------------------
Finished RTL Optimization Phase 1 : Time (s): cpu = 00:00:08 ; elapsed = 00:00:09 . Memory (MB): peak = 446.109 ; gain = 155.824
---------------------------------------------------------------------------------
INFO: [Device 21-403] Loading part xc7z020clg400-1
INFO: [Project 1-570] Preparing netlist for logic optimization

Processing XDC Constraints
Initializing timing engine
Completed Processing XDC Constraints

INFO: [Project 1-111] Unisim Transformation Summary:
No Unisim elements were transformed.

Constraint Validation Runtime : Time (s): cpu = 00:00:00 ; elapsed = 00:00:00.045 . Memory (MB): peak = 794.813 ; gain = 0.504
---------------------------------------------------------------------------------
Finished Constraint Validation : Time (s): cpu = 00:00:22 ; elapsed = 00:00:26 . Memory (MB): peak = 794.813 ; gain = 504.527
---------------------------------------------------------------------------------
---------------------------------------------------------------------------------
Start Loading Part and Timing Information
---------------------------------------------------------------------------------
Loading part: xc7z020clg400-1
---------------------------------------------------------------------------------
Finished Loading Part and Timing Information : Time (s): cpu = 00:00:22 ; elapsed = 00:00:26 . Memory (MB): peak = 794.813 ; gain = 504.527
---------------------------------------------------------------------------------
---------------------------------------------------------------------------------
Start Applying 'set_property' XDC Constraints
---------------------------------------------------------------------------------
---------------------------------------------------------------------------------
Finished applying 'set_property' XDC Constraints : Time (s): cpu = 00:00:22 ; elapsed = 00:00:26 . Memory (MB): peak = 794.813 ; gain = 504.527
---------------------------------------------------------------------------------
INFO: [Synth 8-802] inferred FSM for state register 'axi_wr_state_reg' in module 'axi_cusum'
INFO: [Synth 8-5544] ROM "axi_bvalid" won't be mapped to Block RAM because address size (2) smaller than threshold (5)
INFO: [Synth 8-5544] ROM "axi_awaddr" won't be mapped to Block RAM because address size (2) smaller than threshold (5)
---------------------------------------------------------------------------------------------------
                   State |                     New Encoding |                Previous Encoding 
---------------------------------------------------------------------------------------------------
                    addr |                              001 |                               00
                    data |                              010 |                               01
                    resp |                              100 |                               10
---------------------------------------------------------------------------------------------------
INFO: [Synth 8-3354] encoded FSM with state register 'axi_wr_state_reg' using encoding 'one-hot' in module 'axi_cusum'
---------------------------------------------------------------------------------
Finished RTL Optimization Phase 2 : Time (s): cpu = 00:00:22 ; elapsed = 00:00:26 . Memory (MB): peak = 794.813 ; gain = 504.527
---------------------------------------------------------------------------------

Report RTL Partitions: 
+-+--------------+------------+----------+
| |RTL Partition |Replication |Instances |
+-+--------------+------------+----------+
+-+--------------+------------+----------+
---------------------------------------------------------------------------------
Start RTL Component Statistics 
---------------------------------------------------------------------------------
Detailed RTL Component Info : 
+---Adders : 
	   3 Input     32 Bit       Adders := 9     
	   2 Input     32 Bit       Adders := 16    
+---Registers : 
	               32 Bit    Registers := 16    
	               14 Bit    Registers := 2     
	                1 Bit    Registers := 1     
+---Muxes : 
	   2 Input     32 Bit        Muxes := 23    
	   2 Input     19 Bit        Muxes := 2     
	   2 Input      1 Bit        Muxes := 38    
	   3 Input      1 Bit        Muxes := 1     
---------------------------------------------------------------------------------
Finished RTL Component Statistics 
---------------------------------------------------------------------------------
---------------------------------------------------------------------------------
Start RTL Hierarchical Component Statistics 
---------------------------------------------------------------------------------
Hierarchical RTL Component report 
Module mm_cusum 
Detailed RTL Component Info : 
+---Registers : 
	               32 Bit    Registers := 16    
+---Muxes : 
	   2 Input     19 Bit        Muxes := 2     
	   2 Input      1 Bit        Muxes := 36    
Module simple_sub 
Detailed RTL Component Info : 
+---Adders : 
	   3 Input     32 Bit       Adders := 1     
	   2 Input     32 Bit       Adders := 1     
+---Muxes : 
	   2 Input     32 Bit        Muxes := 1     
Module simple_adder 
Detailed RTL Component Info : 
+---Adders : 
	   2 Input     32 Bit       Adders := 1     
Module simple_min 
Detailed RTL Component Info : 
+---Muxes : 
	   2 Input     32 Bit        Muxes := 1     
Module simple_max 
Detailed RTL Component Info : 
+---Muxes : 
	   2 Input     32 Bit        Muxes := 1     
Module axi_cusum 
Detailed RTL Component Info : 
+---Registers : 
	               14 Bit    Registers := 2     
	                1 Bit    Registers := 1     
+---Muxes : 
	   3 Input      1 Bit        Muxes := 1     
	   2 Input      1 Bit        Muxes := 2     
---------------------------------------------------------------------------------
Finished RTL Hierarchical Component Statistics
---------------------------------------------------------------------------------
---------------------------------------------------------------------------------
Start Part Resource Summary
---------------------------------------------------------------------------------
Part Resources:
DSPs: 220 (col length:60)
BRAMs: 280 (col length: RAMB18 60 RAMB36 30)
---------------------------------------------------------------------------------
Finished Part Resource Summary
---------------------------------------------------------------------------------
---------------------------------------------------------------------------------
Start Cross Boundary and Area Optimization
---------------------------------------------------------------------------------
Warning: Parallel synthesis criteria is not met 
---------------------------------------------------------------------------------
Finished Cross Boundary and Area Optimization : Time (s): cpu = 00:00:26 ; elapsed = 00:00:30 . Memory (MB): peak = 794.813 ; gain = 504.527
---------------------------------------------------------------------------------

Report RTL Partitions: 
+-+--------------+------------+----------+
| |RTL Partition |Replication |Instances |
+-+--------------+------------+----------+
+-+--------------+------------+----------+
---------------------------------------------------------------------------------
Start Applying XDC Timing Constraints
---------------------------------------------------------------------------------
---------------------------------------------------------------------------------
Finished Applying XDC Timing Constraints : Time (s): cpu = 00:00:36 ; elapsed = 00:00:41 . Memory (MB): peak = 799.316 ; gain = 509.031
---------------------------------------------------------------------------------
---------------------------------------------------------------------------------
Start Timing Optimization
---------------------------------------------------------------------------------
---------------------------------------------------------------------------------
Finished Timing Optimization : Time (s): cpu = 00:00:36 ; elapsed = 00:00:41 . Memory (MB): peak = 800.207 ; gain = 509.922
---------------------------------------------------------------------------------

Report RTL Partitions: 
+-+--------------+------------+----------+
| |RTL Partition |Replication |Instances |
+-+--------------+------------+----------+
+-+--------------+------------+----------+
---------------------------------------------------------------------------------
Start Technology Mapping
---------------------------------------------------------------------------------
---------------------------------------------------------------------------------
Finished Technology Mapping : Time (s): cpu = 00:00:36 ; elapsed = 00:00:42 . Memory (MB): peak = 816.887 ; gain = 526.602
---------------------------------------------------------------------------------

Report RTL Partitions: 
+-+--------------+------------+----------+
| |RTL Partition |Replication |Instances |
+-+--------------+------------+----------+
+-+--------------+------------+----------+
---------------------------------------------------------------------------------
Start IO Insertion
---------------------------------------------------------------------------------
---------------------------------------------------------------------------------
Start Flattening Before IO Insertion
---------------------------------------------------------------------------------
---------------------------------------------------------------------------------
Finished Flattening Before IO Insertion
---------------------------------------------------------------------------------
---------------------------------------------------------------------------------
Start Final Netlist Cleanup
---------------------------------------------------------------------------------
---------------------------------------------------------------------------------
Finished Final Netlist Cleanup
---------------------------------------------------------------------------------
---------------------------------------------------------------------------------
Finished IO Insertion : Time (s): cpu = 00:00:37 ; elapsed = 00:00:43 . Memory (MB): peak = 816.887 ; gain = 526.602
---------------------------------------------------------------------------------
CRITICAL WARNING: [Synth 8-3352] multi-driven net U0/AddrSigs_352[31] with 1st driver pin 'U0/MM_i/slv_out_reg[18][31]/Q' [c:/Users/Mitch/Documents/DCA/PYNQ_integration/PYNQ_integration.srcs/sources_1/bd/design_1/ipshared/54aa/mm_cusum.vhd:107]
CRITICAL WARNING: [Synth 8-3352] multi-driven net U0/AddrSigs_352[31] with 2nd driver pin 'U0/MM_i/slv_out_reg[10][31]/Q' [c:/Users/Mitch/Documents/DCA/PYNQ_integration/PYNQ_integration.srcs/sources_1/bd/design_1/ipshared/54aa/mm_cusum.vhd:107]
CRITICAL WARNING: [Synth 8-3352] multi-driven net U0/AddrSigs_352[30] with 1st driver pin 'U0/MM_i/slv_out_reg[18][30]/Q' [c:/Users/Mitch/Documents/DCA/PYNQ_integration/PYNQ_integration.srcs/sources_1/bd/design_1/ipshared/54aa/mm_cusum.vhd:107]
CRITICAL WARNING: [Synth 8-3352] multi-driven net U0/AddrSigs_352[30] with 2nd driver pin 'U0/MM_i/slv_out_reg[10][30]/Q' [c:/Users/Mitch/Documents/DCA/PYNQ_integration/PYNQ_integration.srcs/sources_1/bd/design_1/ipshared/54aa/mm_cusum.vhd:107]
CRITICAL WARNING: [Synth 8-3352] multi-driven net U0/AddrSigs_352[29] with 1st driver pin 'U0/MM_i/slv_out_reg[18][29]/Q' [c:/Users/Mitch/Documents/DCA/PYNQ_integration/PYNQ_integration.srcs/sources_1/bd/design_1/ipshared/54aa/mm_cusum.vhd:107]
CRITICAL WARNING: [Synth 8-3352] multi-driven net U0/AddrSigs_352[29] with 2nd driver pin 'U0/MM_i/slv_out_reg[10][29]/Q' [c:/Users/Mitch/Documents/DCA/PYNQ_integration/PYNQ_integration.srcs/sources_1/bd/design_1/ipshared/54aa/mm_cusum.vhd:107]
CRITICAL WARNING: [Synth 8-3352] multi-driven net U0/AddrSigs_352[28] with 1st driver pin 'U0/MM_i/slv_out_reg[18][28]/Q' [c:/Users/Mitch/Documents/DCA/PYNQ_integration/PYNQ_integration.srcs/sources_1/bd/design_1/ipshared/54aa/mm_cusum.vhd:107]
CRITICAL WARNING: [Synth 8-3352] multi-driven net U0/AddrSigs_352[28] with 2nd driver pin 'U0/MM_i/slv_out_reg[10][28]/Q' [c:/Users/Mitch/Documents/DCA/PYNQ_integration/PYNQ_integration.srcs/sources_1/bd/design_1/ipshared/54aa/mm_cusum.vhd:107]
CRITICAL WARNING: [Synth 8-3352] multi-driven net U0/DataOut[219] with 1st driver pin 'U0/MM_i/slv_out_reg[10][27]/Q' [c:/Users/Mitch/Documents/DCA/PYNQ_integration/PYNQ_integration.srcs/sources_1/bd/design_1/ipshared/54aa/mm_cusum.vhd:107]
CRITICAL WARNING: [Synth 8-3352] multi-driven net U0/DataOut[219] with 2nd driver pin 'U0/MM_i/slv_out_reg[18][27]/Q' [c:/Users/Mitch/Documents/DCA/PYNQ_integration/PYNQ_integration.srcs/sources_1/bd/design_1/ipshared/54aa/mm_cusum.vhd:107]
CRITICAL WARNING: [Synth 8-3352] multi-driven net U0/DataOut[218] with 1st driver pin 'U0/MM_i/slv_out_reg[10][26]/Q' [c:/Users/Mitch/Documents/DCA/PYNQ_integration/PYNQ_integration.srcs/sources_1/bd/design_1/ipshared/54aa/mm_cusum.vhd:107]
CRITICAL WARNING: [Synth 8-3352] multi-driven net U0/DataOut[218] with 2nd driver pin 'U0/MM_i/slv_out_reg[18][26]/Q' [c:/Users/Mitch/Documents/DCA/PYNQ_integration/PYNQ_integration.srcs/sources_1/bd/design_1/ipshared/54aa/mm_cusum.vhd:107]
CRITICAL WARNING: [Synth 8-3352] multi-driven net U0/DataOut[217] with 1st driver pin 'U0/MM_i/slv_out_reg[10][25]/Q' [c:/Users/Mitch/Documents/DCA/PYNQ_integration/PYNQ_integration.srcs/sources_1/bd/design_1/ipshared/54aa/mm_cusum.vhd:107]
CRITICAL WARNING: [Synth 8-3352] multi-driven net U0/DataOut[217] with 2nd driver pin 'U0/MM_i/slv_out_reg[18][25]/Q' [c:/Users/Mitch/Documents/DCA/PYNQ_integration/PYNQ_integration.srcs/sources_1/bd/design_1/ipshared/54aa/mm_cusum.vhd:107]
CRITICAL WARNING: [Synth 8-3352] multi-driven net U0/DataOut[216] with 1st driver pin 'U0/MM_i/slv_out_reg[10][24]/Q' [c:/Users/Mitch/Documents/DCA/PYNQ_integration/PYNQ_integration.srcs/sources_1/bd/design_1/ipshared/54aa/mm_cusum.vhd:107]
CRITICAL WARNING: [Synth 8-3352] multi-driven net U0/DataOut[216] with 2nd driver pin 'U0/MM_i/slv_out_reg[18][24]/Q' [c:/Users/Mitch/Documents/DCA/PYNQ_integration/PYNQ_integration.srcs/sources_1/bd/design_1/ipshared/54aa/mm_cusum.vhd:107]
CRITICAL WARNING: [Synth 8-3352] multi-driven net U0/DataOut[215] with 1st driver pin 'U0/MM_i/slv_out_reg[10][23]/Q' [c:/Users/Mitch/Documents/DCA/PYNQ_integration/PYNQ_integration.srcs/sources_1/bd/design_1/ipshared/54aa/mm_cusum.vhd:107]
CRITICAL WARNING: [Synth 8-3352] multi-driven net U0/DataOut[215] with 2nd driver pin 'U0/MM_i/slv_out_reg[18][23]/Q' [c:/Users/Mitch/Documents/DCA/PYNQ_integration/PYNQ_integration.srcs/sources_1/bd/design_1/ipshared/54aa/mm_cusum.vhd:107]
CRITICAL WARNING: [Synth 8-3352] multi-driven net U0/DataOut[214] with 1st driver pin 'U0/MM_i/slv_out_reg[10][22]/Q' [c:/Users/Mitch/Documents/DCA/PYNQ_integration/PYNQ_integration.srcs/sources_1/bd/design_1/ipshared/54aa/mm_cusum.vhd:107]
CRITICAL WARNING: [Synth 8-3352] multi-driven net U0/DataOut[214] with 2nd driver pin 'U0/MM_i/slv_out_reg[18][22]/Q' [c:/Users/Mitch/Documents/DCA/PYNQ_integration/PYNQ_integration.srcs/sources_1/bd/design_1/ipshared/54aa/mm_cusum.vhd:107]
CRITICAL WARNING: [Synth 8-3352] multi-driven net U0/DataOut[213] with 1st driver pin 'U0/MM_i/slv_out_reg[10][21]/Q' [c:/Users/Mitch/Documents/DCA/PYNQ_integration/PYNQ_integration.srcs/sources_1/bd/design_1/ipshared/54aa/mm_cusum.vhd:107]
CRITICAL WARNING: [Synth 8-3352] multi-driven net U0/DataOut[213] with 2nd driver pin 'U0/MM_i/slv_out_reg[18][21]/Q' [c:/Users/Mitch/Documents/DCA/PYNQ_integration/PYNQ_integration.srcs/sources_1/bd/design_1/ipshared/54aa/mm_cusum.vhd:107]
CRITICAL WARNING: [Synth 8-3352] multi-driven net U0/DataOut[212] with 1st driver pin 'U0/MM_i/slv_out_reg[10][20]/Q' [c:/Users/Mitch/Documents/DCA/PYNQ_integration/PYNQ_integration.srcs/sources_1/bd/design_1/ipshared/54aa/mm_cusum.vhd:107]
CRITICAL WARNING: [Synth 8-3352] multi-driven net U0/DataOut[212] with 2nd driver pin 'U0/MM_i/slv_out_reg[18][20]/Q' [c:/Users/Mitch/Documents/DCA/PYNQ_integration/PYNQ_integration.srcs/sources_1/bd/design_1/ipshared/54aa/mm_cusum.vhd:107]
CRITICAL WARNING: [Synth 8-3352] multi-driven net U0/DataOut[211] with 1st driver pin 'U0/MM_i/slv_out_reg[10][19]/Q' [c:/Users/Mitch/Documents/DCA/PYNQ_integration/PYNQ_integration.srcs/sources_1/bd/design_1/ipshared/54aa/mm_cusum.vhd:107]
CRITICAL WARNING: [Synth 8-3352] multi-driven net U0/DataOut[211] with 2nd driver pin 'U0/MM_i/slv_out_reg[18][19]/Q' [c:/Users/Mitch/Documents/DCA/PYNQ_integration/PYNQ_integration.srcs/sources_1/bd/design_1/ipshared/54aa/mm_cusum.vhd:107]
CRITICAL WARNING: [Synth 8-3352] multi-driven net U0/DataOut[210] with 1st driver pin 'U0/MM_i/slv_out_reg[10][18]/Q' [c:/Users/Mitch/Documents/DCA/PYNQ_integration/PYNQ_integration.srcs/sources_1/bd/design_1/ipshared/54aa/mm_cusum.vhd:107]
CRITICAL WARNING: [Synth 8-3352] multi-driven net U0/DataOut[210] with 2nd driver pin 'U0/MM_i/slv_out_reg[18][18]/Q' [c:/Users/Mitch/Documents/DCA/PYNQ_integration/PYNQ_integration.srcs/sources_1/bd/design_1/ipshared/54aa/mm_cusum.vhd:107]
CRITICAL WARNING: [Synth 8-3352] multi-driven net U0/DataOut[209] with 1st driver pin 'U0/MM_i/slv_out_reg[10][17]/Q' [c:/Users/Mitch/Documents/DCA/PYNQ_integration/PYNQ_integration.srcs/sources_1/bd/design_1/ipshared/54aa/mm_cusum.vhd:107]
CRITICAL WARNING: [Synth 8-3352] multi-driven net U0/DataOut[209] with 2nd driver pin 'U0/MM_i/slv_out_reg[18][17]/Q' [c:/Users/Mitch/Documents/DCA/PYNQ_integration/PYNQ_integration.srcs/sources_1/bd/design_1/ipshared/54aa/mm_cusum.vhd:107]
CRITICAL WARNING: [Synth 8-3352] multi-driven net U0/DataOut[208] with 1st driver pin 'U0/MM_i/slv_out_reg[10][16]/Q' [c:/Users/Mitch/Documents/DCA/PYNQ_integration/PYNQ_integration.srcs/sources_1/bd/design_1/ipshared/54aa/mm_cusum.vhd:107]
CRITICAL WARNING: [Synth 8-3352] multi-driven net U0/DataOut[208] with 2nd driver pin 'U0/MM_i/slv_out_reg[18][16]/Q' [c:/Users/Mitch/Documents/DCA/PYNQ_integration/PYNQ_integration.srcs/sources_1/bd/design_1/ipshared/54aa/mm_cusum.vhd:107]
CRITICAL WARNING: [Synth 8-3352] multi-driven net U0/DataOut[207] with 1st driver pin 'U0/MM_i/slv_out_reg[10][15]/Q' [c:/Users/Mitch/Documents/DCA/PYNQ_integration/PYNQ_integration.srcs/sources_1/bd/design_1/ipshared/54aa/mm_cusum.vhd:107]
CRITICAL WARNING: [Synth 8-3352] multi-driven net U0/DataOut[207] with 2nd driver pin 'U0/MM_i/slv_out_reg[18][15]/Q' [c:/Users/Mitch/Documents/DCA/PYNQ_integration/PYNQ_integration.srcs/sources_1/bd/design_1/ipshared/54aa/mm_cusum.vhd:107]
CRITICAL WARNING: [Synth 8-3352] multi-driven net U0/DataOut[206] with 1st driver pin 'U0/MM_i/slv_out_reg[10][14]/Q' [c:/Users/Mitch/Documents/DCA/PYNQ_integration/PYNQ_integration.srcs/sources_1/bd/design_1/ipshared/54aa/mm_cusum.vhd:107]
CRITICAL WARNING: [Synth 8-3352] multi-driven net U0/DataOut[206] with 2nd driver pin 'U0/MM_i/slv_out_reg[18][14]/Q' [c:/Users/Mitch/Documents/DCA/PYNQ_integration/PYNQ_integration.srcs/sources_1/bd/design_1/ipshared/54aa/mm_cusum.vhd:107]
CRITICAL WARNING: [Synth 8-3352] multi-driven net U0/DataOut[205] with 1st driver pin 'U0/MM_i/slv_out_reg[10][13]/Q' [c:/Users/Mitch/Documents/DCA/PYNQ_integration/PYNQ_integration.srcs/sources_1/bd/design_1/ipshared/54aa/mm_cusum.vhd:107]
CRITICAL WARNING: [Synth 8-3352] multi-driven net U0/DataOut[205] with 2nd driver pin 'U0/MM_i/slv_out_reg[18][13]/Q' [c:/Users/Mitch/Documents/DCA/PYNQ_integration/PYNQ_integration.srcs/sources_1/bd/design_1/ipshared/54aa/mm_cusum.vhd:107]
CRITICAL WARNING: [Synth 8-3352] multi-driven net U0/DataOut[204] with 1st driver pin 'U0/MM_i/slv_out_reg[10][12]/Q' [c:/Users/Mitch/Documents/DCA/PYNQ_integration/PYNQ_integration.srcs/sources_1/bd/design_1/ipshared/54aa/mm_cusum.vhd:107]
CRITICAL WARNING: [Synth 8-3352] multi-driven net U0/DataOut[204] with 2nd driver pin 'U0/MM_i/slv_out_reg[18][12]/Q' [c:/Users/Mitch/Documents/DCA/PYNQ_integration/PYNQ_integration.srcs/sources_1/bd/design_1/ipshared/54aa/mm_cusum.vhd:107]
CRITICAL WARNING: [Synth 8-3352] multi-driven net U0/DataOut[203] with 1st driver pin 'U0/MM_i/slv_out_reg[10][11]/Q' [c:/Users/Mitch/Documents/DCA/PYNQ_integration/PYNQ_integration.srcs/sources_1/bd/design_1/ipshared/54aa/mm_cusum.vhd:107]
CRITICAL WARNING: [Synth 8-3352] multi-driven net U0/DataOut[203] with 2nd driver pin 'U0/MM_i/slv_out_reg[18][11]/Q' [c:/Users/Mitch/Documents/DCA/PYNQ_integration/PYNQ_integration.srcs/sources_1/bd/design_1/ipshared/54aa/mm_cusum.vhd:107]
CRITICAL WARNING: [Synth 8-3352] multi-driven net U0/DataOut[202] with 1st driver pin 'U0/MM_i/slv_out_reg[10][10]/Q' [c:/Users/Mitch/Documents/DCA/PYNQ_integration/PYNQ_integration.srcs/sources_1/bd/design_1/ipshared/54aa/mm_cusum.vhd:107]
CRITICAL WARNING: [Synth 8-3352] multi-driven net U0/DataOut[202] with 2nd driver pin 'U0/MM_i/slv_out_reg[18][10]/Q' [c:/Users/Mitch/Documents/DCA/PYNQ_integration/PYNQ_integration.srcs/sources_1/bd/design_1/ipshared/54aa/mm_cusum.vhd:107]
CRITICAL WARNING: [Synth 8-3352] multi-driven net U0/DataOut[201] with 1st driver pin 'U0/MM_i/slv_out_reg[10][9]/Q' [c:/Users/Mitch/Documents/DCA/PYNQ_integration/PYNQ_integration.srcs/sources_1/bd/design_1/ipshared/54aa/mm_cusum.vhd:107]
CRITICAL WARNING: [Synth 8-3352] multi-driven net U0/DataOut[201] with 2nd driver pin 'U0/MM_i/slv_out_reg[18][9]/Q' [c:/Users/Mitch/Documents/DCA/PYNQ_integration/PYNQ_integration.srcs/sources_1/bd/design_1/ipshared/54aa/mm_cusum.vhd:107]
CRITICAL WARNING: [Synth 8-3352] multi-driven net U0/DataOut[200] with 1st driver pin 'U0/MM_i/slv_out_reg[10][8]/Q' [c:/Users/Mitch/Documents/DCA/PYNQ_integration/PYNQ_integration.srcs/sources_1/bd/design_1/ipshared/54aa/mm_cusum.vhd:107]
CRITICAL WARNING: [Synth 8-3352] multi-driven net U0/DataOut[200] with 2nd driver pin 'U0/MM_i/slv_out_reg[18][8]/Q' [c:/Users/Mitch/Documents/DCA/PYNQ_integration/PYNQ_integration.srcs/sources_1/bd/design_1/ipshared/54aa/mm_cusum.vhd:107]
CRITICAL WARNING: [Synth 8-3352] multi-driven net U0/DataOut[199] with 1st driver pin 'U0/MM_i/slv_out_reg[10][7]/Q' [c:/Users/Mitch/Documents/DCA/PYNQ_integration/PYNQ_integration.srcs/sources_1/bd/design_1/ipshared/54aa/mm_cusum.vhd:107]
CRITICAL WARNING: [Synth 8-3352] multi-driven net U0/DataOut[199] with 2nd driver pin 'U0/MM_i/slv_out_reg[18][7]/Q' [c:/Users/Mitch/Documents/DCA/PYNQ_integration/PYNQ_integration.srcs/sources_1/bd/design_1/ipshared/54aa/mm_cusum.vhd:107]
CRITICAL WARNING: [Synth 8-3352] multi-driven net U0/DataOut[198] with 1st driver pin 'U0/MM_i/slv_out_reg[10][6]/Q' [c:/Users/Mitch/Documents/DCA/PYNQ_integration/PYNQ_integration.srcs/sources_1/bd/design_1/ipshared/54aa/mm_cusum.vhd:107]
CRITICAL WARNING: [Synth 8-3352] multi-driven net U0/DataOut[198] with 2nd driver pin 'U0/MM_i/slv_out_reg[18][6]/Q' [c:/Users/Mitch/Documents/DCA/PYNQ_integration/PYNQ_integration.srcs/sources_1/bd/design_1/ipshared/54aa/mm_cusum.vhd:107]
CRITICAL WARNING: [Synth 8-3352] multi-driven net U0/DataOut[197] with 1st driver pin 'U0/MM_i/slv_out_reg[10][5]/Q' [c:/Users/Mitch/Documents/DCA/PYNQ_integration/PYNQ_integration.srcs/sources_1/bd/design_1/ipshared/54aa/mm_cusum.vhd:107]
CRITICAL WARNING: [Synth 8-3352] multi-driven net U0/DataOut[197] with 2nd driver pin 'U0/MM_i/slv_out_reg[18][5]/Q' [c:/Users/Mitch/Documents/DCA/PYNQ_integration/PYNQ_integration.srcs/sources_1/bd/design_1/ipshared/54aa/mm_cusum.vhd:107]
CRITICAL WARNING: [Synth 8-3352] multi-driven net U0/DataOut[196] with 1st driver pin 'U0/MM_i/slv_out_reg[10][4]/Q' [c:/Users/Mitch/Documents/DCA/PYNQ_integration/PYNQ_integration.srcs/sources_1/bd/design_1/ipshared/54aa/mm_cusum.vhd:107]
CRITICAL WARNING: [Synth 8-3352] multi-driven net U0/DataOut[196] with 2nd driver pin 'U0/MM_i/slv_out_reg[18][4]/Q' [c:/Users/Mitch/Documents/DCA/PYNQ_integration/PYNQ_integration.srcs/sources_1/bd/design_1/ipshared/54aa/mm_cusum.vhd:107]
CRITICAL WARNING: [Synth 8-3352] multi-driven net U0/DataOut[195] with 1st driver pin 'U0/MM_i/slv_out_reg[10][3]/Q' [c:/Users/Mitch/Documents/DCA/PYNQ_integration/PYNQ_integration.srcs/sources_1/bd/design_1/ipshared/54aa/mm_cusum.vhd:107]
CRITICAL WARNING: [Synth 8-3352] multi-driven net U0/DataOut[195] with 2nd driver pin 'U0/MM_i/slv_out_reg[18][3]/Q' [c:/Users/Mitch/Documents/DCA/PYNQ_integration/PYNQ_integration.srcs/sources_1/bd/design_1/ipshared/54aa/mm_cusum.vhd:107]
CRITICAL WARNING: [Synth 8-3352] multi-driven net U0/DataOut[194] with 1st driver pin 'U0/MM_i/slv_out_reg[10][2]/Q' [c:/Users/Mitch/Documents/DCA/PYNQ_integration/PYNQ_integration.srcs/sources_1/bd/design_1/ipshared/54aa/mm_cusum.vhd:107]
CRITICAL WARNING: [Synth 8-3352] multi-driven net U0/DataOut[194] with 2nd driver pin 'U0/MM_i/slv_out_reg[18][2]/Q' [c:/Users/Mitch/Documents/DCA/PYNQ_integration/PYNQ_integration.srcs/sources_1/bd/design_1/ipshared/54aa/mm_cusum.vhd:107]
CRITICAL WARNING: [Synth 8-3352] multi-driven net U0/DataOut[193] with 1st driver pin 'U0/MM_i/slv_out_reg[10][1]/Q' [c:/Users/Mitch/Documents/DCA/PYNQ_integration/PYNQ_integration.srcs/sources_1/bd/design_1/ipshared/54aa/mm_cusum.vhd:107]
CRITICAL WARNING: [Synth 8-3352] multi-driven net U0/DataOut[193] with 2nd driver pin 'U0/MM_i/slv_out_reg[18][1]/Q' [c:/Users/Mitch/Documents/DCA/PYNQ_integration/PYNQ_integration.srcs/sources_1/bd/design_1/ipshared/54aa/mm_cusum.vhd:107]
CRITICAL WARNING: [Synth 8-3352] multi-driven net U0/DataOut[192] with 1st driver pin 'U0/MM_i/slv_out_reg[10][0]/Q' [c:/Users/Mitch/Documents/DCA/PYNQ_integration/PYNQ_integration.srcs/sources_1/bd/design_1/ipshared/54aa/mm_cusum.vhd:107]
CRITICAL WARNING: [Synth 8-3352] multi-driven net U0/DataOut[192] with 2nd driver pin 'U0/MM_i/slv_out_reg[18][0]/Q' [c:/Users/Mitch/Documents/DCA/PYNQ_integration/PYNQ_integration.srcs/sources_1/bd/design_1/ipshared/54aa/mm_cusum.vhd:107]
CRITICAL WARNING: [Synth 8-3352] multi-driven net U0/DataOut[191] with 1st driver pin 'U0/MM_i/slv_out_reg[9][31]/Q' [c:/Users/Mitch/Documents/DCA/PYNQ_integration/PYNQ_integration.srcs/sources_1/bd/design_1/ipshared/54aa/mm_cusum.vhd:107]
CRITICAL WARNING: [Synth 8-3352] multi-driven net U0/DataOut[191] with 2nd driver pin 'U0/MM_i/slv_out_reg[17][31]/Q' [c:/Users/Mitch/Documents/DCA/PYNQ_integration/PYNQ_integration.srcs/sources_1/bd/design_1/ipshared/54aa/mm_cusum.vhd:107]
CRITICAL WARNING: [Synth 8-3352] multi-driven net U0/DataOut[190] with 1st driver pin 'U0/MM_i/slv_out_reg[9][30]/Q' [c:/Users/Mitch/Documents/DCA/PYNQ_integration/PYNQ_integration.srcs/sources_1/bd/design_1/ipshared/54aa/mm_cusum.vhd:107]
CRITICAL WARNING: [Synth 8-3352] multi-driven net U0/DataOut[190] with 2nd driver pin 'U0/MM_i/slv_out_reg[17][30]/Q' [c:/Users/Mitch/Documents/DCA/PYNQ_integration/PYNQ_integration.srcs/sources_1/bd/design_1/ipshared/54aa/mm_cusum.vhd:107]
CRITICAL WARNING: [Synth 8-3352] multi-driven net U0/DataOut[189] with 1st driver pin 'U0/MM_i/slv_out_reg[9][29]/Q' [c:/Users/Mitch/Documents/DCA/PYNQ_integration/PYNQ_integration.srcs/sources_1/bd/design_1/ipshared/54aa/mm_cusum.vhd:107]
CRITICAL WARNING: [Synth 8-3352] multi-driven net U0/DataOut[189] with 2nd driver pin 'U0/MM_i/slv_out_reg[17][29]/Q' [c:/Users/Mitch/Documents/DCA/PYNQ_integration/PYNQ_integration.srcs/sources_1/bd/design_1/ipshared/54aa/mm_cusum.vhd:107]
CRITICAL WARNING: [Synth 8-3352] multi-driven net U0/DataOut[188] with 1st driver pin 'U0/MM_i/slv_out_reg[9][28]/Q' [c:/Users/Mitch/Documents/DCA/PYNQ_integration/PYNQ_integration.srcs/sources_1/bd/design_1/ipshared/54aa/mm_cusum.vhd:107]
CRITICAL WARNING: [Synth 8-3352] multi-driven net U0/DataOut[188] with 2nd driver pin 'U0/MM_i/slv_out_reg[17][28]/Q' [c:/Users/Mitch/Documents/DCA/PYNQ_integration/PYNQ_integration.srcs/sources_1/bd/design_1/ipshared/54aa/mm_cusum.vhd:107]
CRITICAL WARNING: [Synth 8-3352] multi-driven net U0/DataOut[187] with 1st driver pin 'U0/MM_i/slv_out_reg[9][27]/Q' [c:/Users/Mitch/Documents/DCA/PYNQ_integration/PYNQ_integration.srcs/sources_1/bd/design_1/ipshared/54aa/mm_cusum.vhd:107]
CRITICAL WARNING: [Synth 8-3352] multi-driven net U0/DataOut[187] with 2nd driver pin 'U0/MM_i/slv_out_reg[17][27]/Q' [c:/Users/Mitch/Documents/DCA/PYNQ_integration/PYNQ_integration.srcs/sources_1/bd/design_1/ipshared/54aa/mm_cusum.vhd:107]
CRITICAL WARNING: [Synth 8-3352] multi-driven net U0/DataOut[186] with 1st driver pin 'U0/MM_i/slv_out_reg[9][26]/Q' [c:/Users/Mitch/Documents/DCA/PYNQ_integration/PYNQ_integration.srcs/sources_1/bd/design_1/ipshared/54aa/mm_cusum.vhd:107]
CRITICAL WARNING: [Synth 8-3352] multi-driven net U0/DataOut[186] with 2nd driver pin 'U0/MM_i/slv_out_reg[17][26]/Q' [c:/Users/Mitch/Documents/DCA/PYNQ_integration/PYNQ_integration.srcs/sources_1/bd/design_1/ipshared/54aa/mm_cusum.vhd:107]
CRITICAL WARNING: [Synth 8-3352] multi-driven net U0/DataOut[185] with 1st driver pin 'U0/MM_i/slv_out_reg[9][25]/Q' [c:/Users/Mitch/Documents/DCA/PYNQ_integration/PYNQ_integration.srcs/sources_1/bd/design_1/ipshared/54aa/mm_cusum.vhd:107]
CRITICAL WARNING: [Synth 8-3352] multi-driven net U0/DataOut[185] with 2nd driver pin 'U0/MM_i/slv_out_reg[17][25]/Q' [c:/Users/Mitch/Documents/DCA/PYNQ_integration/PYNQ_integration.srcs/sources_1/bd/design_1/ipshared/54aa/mm_cusum.vhd:107]
CRITICAL WARNING: [Synth 8-3352] multi-driven net U0/DataOut[184] with 1st driver pin 'U0/MM_i/slv_out_reg[9][24]/Q' [c:/Users/Mitch/Documents/DCA/PYNQ_integration/PYNQ_integration.srcs/sources_1/bd/design_1/ipshared/54aa/mm_cusum.vhd:107]
CRITICAL WARNING: [Synth 8-3352] multi-driven net U0/DataOut[184] with 2nd driver pin 'U0/MM_i/slv_out_reg[17][24]/Q' [c:/Users/Mitch/Documents/DCA/PYNQ_integration/PYNQ_integration.srcs/sources_1/bd/design_1/ipshared/54aa/mm_cusum.vhd:107]
CRITICAL WARNING: [Synth 8-3352] multi-driven net U0/DataOut[183] with 1st driver pin 'U0/MM_i/slv_out_reg[9][23]/Q' [c:/Users/Mitch/Documents/DCA/PYNQ_integration/PYNQ_integration.srcs/sources_1/bd/design_1/ipshared/54aa/mm_cusum.vhd:107]
CRITICAL WARNING: [Synth 8-3352] multi-driven net U0/DataOut[183] with 2nd driver pin 'U0/MM_i/slv_out_reg[17][23]/Q' [c:/Users/Mitch/Documents/DCA/PYNQ_integration/PYNQ_integration.srcs/sources_1/bd/design_1/ipshared/54aa/mm_cusum.vhd:107]
CRITICAL WARNING: [Synth 8-3352] multi-driven net U0/DataOut[182] with 1st driver pin 'U0/MM_i/slv_out_reg[9][22]/Q' [c:/Users/Mitch/Documents/DCA/PYNQ_integration/PYNQ_integration.srcs/sources_1/bd/design_1/ipshared/54aa/mm_cusum.vhd:107]
CRITICAL WARNING: [Synth 8-3352] multi-driven net U0/DataOut[182] with 2nd driver pin 'U0/MM_i/slv_out_reg[17][22]/Q' [c:/Users/Mitch/Documents/DCA/PYNQ_integration/PYNQ_integration.srcs/sources_1/bd/design_1/ipshared/54aa/mm_cusum.vhd:107]
CRITICAL WARNING: [Synth 8-3352] multi-driven net U0/DataOut[181] with 1st driver pin 'U0/MM_i/slv_out_reg[9][21]/Q' [c:/Users/Mitch/Documents/DCA/PYNQ_integration/PYNQ_integration.srcs/sources_1/bd/design_1/ipshared/54aa/mm_cusum.vhd:107]
CRITICAL WARNING: [Synth 8-3352] multi-driven net U0/DataOut[181] with 2nd driver pin 'U0/MM_i/slv_out_reg[17][21]/Q' [c:/Users/Mitch/Documents/DCA/PYNQ_integration/PYNQ_integration.srcs/sources_1/bd/design_1/ipshared/54aa/mm_cusum.vhd:107]
CRITICAL WARNING: [Synth 8-3352] multi-driven net U0/DataOut[180] with 1st driver pin 'U0/MM_i/slv_out_reg[9][20]/Q' [c:/Users/Mitch/Documents/DCA/PYNQ_integration/PYNQ_integration.srcs/sources_1/bd/design_1/ipshared/54aa/mm_cusum.vhd:107]
CRITICAL WARNING: [Synth 8-3352] multi-driven net U0/DataOut[180] with 2nd driver pin 'U0/MM_i/slv_out_reg[17][20]/Q' [c:/Users/Mitch/Documents/DCA/PYNQ_integration/PYNQ_integration.srcs/sources_1/bd/design_1/ipshared/54aa/mm_cusum.vhd:107]
CRITICAL WARNING: [Synth 8-3352] multi-driven net U0/DataOut[179] with 1st driver pin 'U0/MM_i/slv_out_reg[9][19]/Q' [c:/Users/Mitch/Documents/DCA/PYNQ_integration/PYNQ_integration.srcs/sources_1/bd/design_1/ipshared/54aa/mm_cusum.vhd:107]
CRITICAL WARNING: [Synth 8-3352] multi-driven net U0/DataOut[179] with 2nd driver pin 'U0/MM_i/slv_out_reg[17][19]/Q' [c:/Users/Mitch/Documents/DCA/PYNQ_integration/PYNQ_integration.srcs/sources_1/bd/design_1/ipshared/54aa/mm_cusum.vhd:107]
CRITICAL WARNING: [Synth 8-3352] multi-driven net U0/DataOut[178] with 1st driver pin 'U0/MM_i/slv_out_reg[9][18]/Q' [c:/Users/Mitch/Documents/DCA/PYNQ_integration/PYNQ_integration.srcs/sources_1/bd/design_1/ipshared/54aa/mm_cusum.vhd:107]
CRITICAL WARNING: [Synth 8-3352] multi-driven net U0/DataOut[178] with 2nd driver pin 'U0/MM_i/slv_out_reg[17][18]/Q' [c:/Users/Mitch/Documents/DCA/PYNQ_integration/PYNQ_integration.srcs/sources_1/bd/design_1/ipshared/54aa/mm_cusum.vhd:107]
CRITICAL WARNING: [Synth 8-3352] multi-driven net U0/DataOut[177] with 1st driver pin 'U0/MM_i/slv_out_reg[9][17]/Q' [c:/Users/Mitch/Documents/DCA/PYNQ_integration/PYNQ_integration.srcs/sources_1/bd/design_1/ipshared/54aa/mm_cusum.vhd:107]
CRITICAL WARNING: [Synth 8-3352] multi-driven net U0/DataOut[177] with 2nd driver pin 'U0/MM_i/slv_out_reg[17][17]/Q' [c:/Users/Mitch/Documents/DCA/PYNQ_integration/PYNQ_integration.srcs/sources_1/bd/design_1/ipshared/54aa/mm_cusum.vhd:107]
CRITICAL WARNING: [Synth 8-3352] multi-driven net U0/DataOut[176] with 1st driver pin 'U0/MM_i/slv_out_reg[9][16]/Q' [c:/Users/Mitch/Documents/DCA/PYNQ_integration/PYNQ_integration.srcs/sources_1/bd/design_1/ipshared/54aa/mm_cusum.vhd:107]
CRITICAL WARNING: [Synth 8-3352] multi-driven net U0/DataOut[176] with 2nd driver pin 'U0/MM_i/slv_out_reg[17][16]/Q' [c:/Users/Mitch/Documents/DCA/PYNQ_integration/PYNQ_integration.srcs/sources_1/bd/design_1/ipshared/54aa/mm_cusum.vhd:107]
CRITICAL WARNING: [Synth 8-3352] multi-driven net U0/DataOut[175] with 1st driver pin 'U0/MM_i/slv_out_reg[9][15]/Q' [c:/Users/Mitch/Documents/DCA/PYNQ_integration/PYNQ_integration.srcs/sources_1/bd/design_1/ipshared/54aa/mm_cusum.vhd:107]
CRITICAL WARNING: [Synth 8-3352] multi-driven net U0/DataOut[175] with 2nd driver pin 'U0/MM_i/slv_out_reg[17][15]/Q' [c:/Users/Mitch/Documents/DCA/PYNQ_integration/PYNQ_integration.srcs/sources_1/bd/design_1/ipshared/54aa/mm_cusum.vhd:107]
CRITICAL WARNING: [Synth 8-3352] multi-driven net U0/DataOut[174] with 1st driver pin 'U0/MM_i/slv_out_reg[9][14]/Q' [c:/Users/Mitch/Documents/DCA/PYNQ_integration/PYNQ_integration.srcs/sources_1/bd/design_1/ipshared/54aa/mm_cusum.vhd:107]
CRITICAL WARNING: [Synth 8-3352] multi-driven net U0/DataOut[174] with 2nd driver pin 'U0/MM_i/slv_out_reg[17][14]/Q' [c:/Users/Mitch/Documents/DCA/PYNQ_integration/PYNQ_integration.srcs/sources_1/bd/design_1/ipshared/54aa/mm_cusum.vhd:107]
INFO: [Common 17-14] Message 'Synth 8-3352' appears 100 times and further instances of the messages will be disabled. Use the Tcl command set_msg_config to change the current settings.

Report Check Netlist: 
+------+------------------+-------+---------+-------+------------------+
|      |Item              |Errors |Warnings |Status |Description       |
+------+------------------+-------+---------+-------+------------------+
|1     |multi_driven_nets |      0|      224|Failed |Multi driven nets |
+------+------------------+-------+---------+-------+------------------+
---------------------------------------------------------------------------------
Start Renaming Generated Instances
---------------------------------------------------------------------------------
---------------------------------------------------------------------------------
Finished Renaming Generated Instances : Time (s): cpu = 00:00:37 ; elapsed = 00:00:43 . Memory (MB): peak = 816.887 ; gain = 526.602
---------------------------------------------------------------------------------

Report RTL Partitions: 
+-+--------------+------------+----------+
| |RTL Partition |Replication |Instances |
+-+--------------+------------+----------+
+-+--------------+------------+----------+
---------------------------------------------------------------------------------
Start Rebuilding User Hierarchy
---------------------------------------------------------------------------------
---------------------------------------------------------------------------------
Finished Rebuilding User Hierarchy : Time (s): cpu = 00:00:37 ; elapsed = 00:00:43 . Memory (MB): peak = 816.887 ; gain = 526.602
---------------------------------------------------------------------------------
---------------------------------------------------------------------------------
Start Renaming Generated Ports
---------------------------------------------------------------------------------
---------------------------------------------------------------------------------
Finished Renaming Generated Ports : Time (s): cpu = 00:00:37 ; elapsed = 00:00:43 . Memory (MB): peak = 816.887 ; gain = 526.602
---------------------------------------------------------------------------------
---------------------------------------------------------------------------------
Start Handling Custom Attributes
---------------------------------------------------------------------------------
---------------------------------------------------------------------------------
Finished Handling Custom Attributes : Time (s): cpu = 00:00:37 ; elapsed = 00:00:43 . Memory (MB): peak = 816.887 ; gain = 526.602
---------------------------------------------------------------------------------
---------------------------------------------------------------------------------
Start Renaming Generated Nets
---------------------------------------------------------------------------------
---------------------------------------------------------------------------------
Finished Renaming Generated Nets : Time (s): cpu = 00:00:37 ; elapsed = 00:00:43 . Memory (MB): peak = 816.887 ; gain = 526.602
---------------------------------------------------------------------------------
---------------------------------------------------------------------------------
Start Writing Synthesis Report
---------------------------------------------------------------------------------

Report BlackBoxes: 
+-+--------------+----------+
| |BlackBox name |Instances |
+-+--------------+----------+
+-+--------------+----------+

Report Cell Usage: 
+------+-------+------+
|      |Cell   |Count |
+------+-------+------+
|1     |CARRY4 |    48|
|2     |LUT1   |     1|
|3     |LUT2   |   198|
|4     |LUT3   |     4|
|5     |LUT4   |    72|
|6     |LUT5   |     3|
|7     |LUT6   |   121|
|8     |FDRE   |   544|
+------+-------+------+

Report Instance Areas: 
+------+--------------------------------------+---------------+------+
|      |Instance                              |Module         |Cells |
+------+--------------------------------------+---------------+------+
|1     |top                                   |               |   991|
|2     |  U0                                  |axi_cusum      |   991|
|3     |    MM_i                              |mm_cusum       |   624|
|4     |    \OUTER_GEN[0].GEN_ADDRS[0].ADDRX  |simple_adder   |    40|
|5     |    \OUTER_GEN[1].GEN_ADDRS[0].ADDRX  |simple_adder_0 |    40|
|6     |    \OUTER_GEN[1].GEN_ADDRS[1].ADDRX  |simple_adder_1 |    40|
|7     |    \OUTER_GEN[2].GEN_ADDRS[0].ADDRX  |simple_adder_2 |    40|
|8     |    \OUTER_GEN[2].GEN_ADDRS[1].ADDRX  |simple_adder_3 |    40|
|9     |    \OUTER_GEN[2].GEN_ADDRS[2].ADDRX  |simple_adder_4 |    40|
+------+--------------------------------------+---------------+------+
---------------------------------------------------------------------------------
Finished Writing Synthesis Report : Time (s): cpu = 00:00:37 ; elapsed = 00:00:43 . Memory (MB): peak = 816.887 ; gain = 526.602
---------------------------------------------------------------------------------
Synthesis finished with 0 errors, 448 critical warnings and 302 warnings.
Synthesis Optimization Runtime : Time (s): cpu = 00:00:21 ; elapsed = 00:00:32 . Memory (MB): peak = 816.887 ; gain = 177.898
Synthesis Optimization Complete : Time (s): cpu = 00:00:37 ; elapsed = 00:00:43 . Memory (MB): peak = 816.887 ; gain = 526.602
INFO: [Project 1-571] Translating synthesized netlist
INFO: [Netlist 29-17] Analyzing 48 Unisim elements for replacement
INFO: [Netlist 29-28] Unisim Transformation completed in 0 CPU seconds
INFO: [Project 1-570] Preparing netlist for logic optimization
INFO: [Opt 31-138] Pushed 0 inverter(s) to 0 load pin(s).
INFO: [Project 1-111] Unisim Transformation Summary:
No Unisim elements were transformed.

INFO: [Common 17-83] Releasing license: Synthesis
64 Infos, 171 Warnings, 100 Critical Warnings and 0 Errors encountered.
synth_design completed successfully
synth_design: Time (s): cpu = 00:00:40 ; elapsed = 00:00:45 . Memory (MB): peak = 819.664 ; gain = 540.848
INFO: [Common 17-1381] The checkpoint 'C:/Users/Mitch/Documents/DCA/PYNQ_integration/PYNQ_integration.runs/design_1_axi_cusum_0_0_synth_1/design_1_axi_cusum_0_0.dcp' has been generated.
