11:20:36 INFO  : Registering command handlers for SDK TCF services
11:20:36 INFO  : Launching XSCT server: xsct.bat -interactive C:\Users\Mitch\Documents\DCA\PYNQ_integration\PYNQ_integration.sdk\temp_xsdb_launch_script.tcl
11:20:38 INFO  : XSCT server has started successfully.
11:20:38 INFO  : Successfully done setting XSCT server connection channel  
11:20:40 INFO  : Processing command line option -hwspec C:/Users/Mitch/Documents/DCA/PYNQ_integration/PYNQ_integration.sdk/design_1_wrapper.hdf.
11:20:40 INFO  : Successfully done setting SDK workspace  
11:25:23 INFO  : Example project read_test_bsp_xgpio_example_1 has been created successfully.
11:39:19 INFO  : Connected to target on host '127.0.0.1' and port '3121'.
11:39:29 INFO  : Connected to target on host '127.0.0.1' and port '3121'.
11:39:29 INFO  : 'targets -set -filter {jtag_cable_name =~ "Xilinx PYNQ-Z1 003017A4D1DDA" && level==0} -index 1' command is executed.
11:39:32 INFO  : FPGA configured successfully with bitstream "C:/Users/Mitch/Documents/DCA/PYNQ_integration/PYNQ_integration.sdk/design_1_wrapper_hw_platform_0/design_1_wrapper.bit"
11:43:32 INFO  : 'targets -set -filter {jtag_cable_name =~ "Xilinx PYNQ-Z1 003017A4D1DDA" && level==0} -index 1' command is executed.
11:43:32 INFO  : 'fpga -state' command is executed.
11:43:32 INFO  : Connected to target on host '127.0.0.1' and port '3121'.
11:43:32 INFO  : Jtag cable 'Xilinx PYNQ-Z1 003017A4D1DDA' is selected.
11:43:32 INFO  : 'jtag frequency' command is executed.
11:43:32 INFO  : Sourcing of 'C:/Users/Mitch/Documents/DCA/PYNQ_integration/PYNQ_integration.sdk/design_1_wrapper_hw_platform_0/ps7_init.tcl' is done.
11:43:33 INFO  : Context for 'APU' is selected.
11:43:33 INFO  : Hardware design information is loaded from 'C:/Users/Mitch/Documents/DCA/PYNQ_integration/PYNQ_integration.sdk/design_1_wrapper_hw_platform_0/system.hdf'.
11:43:33 INFO  : 'configparams force-mem-access 1' command is executed.
11:43:33 INFO  : Context for 'APU' is selected.
11:43:33 INFO  : 'stop' command is executed.
11:43:33 INFO  : 'ps7_init' command is executed.
11:43:33 INFO  : 'ps7_post_config' command is executed.
11:43:33 INFO  : Context for processor 'ps7_cortexa9_0' is selected.
11:43:33 INFO  : Processor reset is completed for 'ps7_cortexa9_0'.
11:43:33 INFO  : Context for processor 'ps7_cortexa9_0' is selected.
11:43:33 INFO  : The application 'C:/Users/Mitch/Documents/DCA/PYNQ_integration/PYNQ_integration.sdk/read_test/Debug/read_test.elf' is downloaded to processor 'ps7_cortexa9_0'.
11:43:33 INFO  : 'configparams force-mem-access 0' command is executed.
11:43:33 INFO  : ----------------XSDB Script----------------
connect -url tcp:127.0.0.1:3121
source C:/Users/Mitch/Documents/DCA/PYNQ_integration/PYNQ_integration.sdk/design_1_wrapper_hw_platform_0/ps7_init.tcl
targets -set -nocase -filter {name =~"APU*" && jtag_cable_name =~ "Xilinx PYNQ-Z1 003017A4D1DDA"} -index 0
loadhw -hw C:/Users/Mitch/Documents/DCA/PYNQ_integration/PYNQ_integration.sdk/design_1_wrapper_hw_platform_0/system.hdf -mem-ranges [list {0x40000000 0xbfffffff}]
configparams force-mem-access 1
targets -set -nocase -filter {name =~"APU*" && jtag_cable_name =~ "Xilinx PYNQ-Z1 003017A4D1DDA"} -index 0
stop
ps7_init
ps7_post_config
targets -set -nocase -filter {name =~ "ARM*#0" && jtag_cable_name =~ "Xilinx PYNQ-Z1 003017A4D1DDA"} -index 0
rst -processor
targets -set -nocase -filter {name =~ "ARM*#0" && jtag_cable_name =~ "Xilinx PYNQ-Z1 003017A4D1DDA"} -index 0
dow C:/Users/Mitch/Documents/DCA/PYNQ_integration/PYNQ_integration.sdk/read_test/Debug/read_test.elf
configparams force-mem-access 0
----------------End of Script----------------

11:43:33 INFO  : Memory regions updated for context APU
11:43:33 INFO  : Context for processor 'ps7_cortexa9_0' is selected.
11:43:33 INFO  : 'con' command is executed.
11:43:33 INFO  : ----------------XSDB Script (After Launch)----------------
targets -set -nocase -filter {name =~ "ARM*#0" && jtag_cable_name =~ "Xilinx PYNQ-Z1 003017A4D1DDA"} -index 0
con
----------------End of Script----------------

11:43:33 INFO  : Launch script is exported to file 'C:\Users\Mitch\Documents\DCA\PYNQ_integration\PYNQ_integration.sdk\.sdk\launch_scripts\xilinx_c-c++_application_(system_debugger)\system_debugger_using_debug_read_test.elf_on_local.tcl'
11:44:34 INFO  : Disconnected from the channel tcfchan#1.
11:44:35 INFO  : 'targets -set -filter {jtag_cable_name =~ "Xilinx PYNQ-Z1 003017A4D1DDA" && level==0} -index 1' command is executed.
11:44:35 INFO  : 'fpga -state' command is executed.
11:44:35 INFO  : Connected to target on host '127.0.0.1' and port '3121'.
11:44:35 INFO  : Jtag cable 'Xilinx PYNQ-Z1 003017A4D1DDA' is selected.
11:44:35 INFO  : 'jtag frequency' command is executed.
11:44:35 INFO  : Sourcing of 'C:/Users/Mitch/Documents/DCA/PYNQ_integration/PYNQ_integration.sdk/design_1_wrapper_hw_platform_0/ps7_init.tcl' is done.
11:44:35 INFO  : Context for 'APU' is selected.
11:44:37 INFO  : Hardware design information is loaded from 'C:/Users/Mitch/Documents/DCA/PYNQ_integration/PYNQ_integration.sdk/design_1_wrapper_hw_platform_0/system.hdf'.
11:44:37 INFO  : 'configparams force-mem-access 1' command is executed.
11:44:37 INFO  : Context for 'APU' is selected.
11:44:37 INFO  : 'stop' command is executed.
11:44:37 INFO  : 'ps7_init' command is executed.
11:44:37 INFO  : 'ps7_post_config' command is executed.
11:44:37 INFO  : Context for processor 'ps7_cortexa9_0' is selected.
11:44:37 INFO  : Processor reset is completed for 'ps7_cortexa9_0'.
11:44:37 INFO  : Context for processor 'ps7_cortexa9_0' is selected.
11:44:38 INFO  : The application 'C:/Users/Mitch/Documents/DCA/PYNQ_integration/PYNQ_integration.sdk/read_test/Debug/read_test.elf' is downloaded to processor 'ps7_cortexa9_0'.
11:44:38 INFO  : 'configparams force-mem-access 0' command is executed.
11:44:38 INFO  : ----------------XSDB Script----------------
connect -url tcp:127.0.0.1:3121
source C:/Users/Mitch/Documents/DCA/PYNQ_integration/PYNQ_integration.sdk/design_1_wrapper_hw_platform_0/ps7_init.tcl
targets -set -nocase -filter {name =~"APU*" && jtag_cable_name =~ "Xilinx PYNQ-Z1 003017A4D1DDA"} -index 0
loadhw -hw C:/Users/Mitch/Documents/DCA/PYNQ_integration/PYNQ_integration.sdk/design_1_wrapper_hw_platform_0/system.hdf -mem-ranges [list {0x40000000 0xbfffffff}]
configparams force-mem-access 1
targets -set -nocase -filter {name =~"APU*" && jtag_cable_name =~ "Xilinx PYNQ-Z1 003017A4D1DDA"} -index 0
stop
ps7_init
ps7_post_config
targets -set -nocase -filter {name =~ "ARM*#0" && jtag_cable_name =~ "Xilinx PYNQ-Z1 003017A4D1DDA"} -index 0
rst -processor
targets -set -nocase -filter {name =~ "ARM*#0" && jtag_cable_name =~ "Xilinx PYNQ-Z1 003017A4D1DDA"} -index 0
dow C:/Users/Mitch/Documents/DCA/PYNQ_integration/PYNQ_integration.sdk/read_test/Debug/read_test.elf
configparams force-mem-access 0
----------------End of Script----------------

11:44:38 INFO  : Memory regions updated for context APU
11:44:38 INFO  : Context for processor 'ps7_cortexa9_0' is selected.
11:44:38 INFO  : 'con' command is executed.
11:44:38 INFO  : ----------------XSDB Script (After Launch)----------------
targets -set -nocase -filter {name =~ "ARM*#0" && jtag_cable_name =~ "Xilinx PYNQ-Z1 003017A4D1DDA"} -index 0
con
----------------End of Script----------------

11:44:38 INFO  : Launch script is exported to file 'C:\Users\Mitch\Documents\DCA\PYNQ_integration\PYNQ_integration.sdk\.sdk\launch_scripts\xilinx_c-c++_application_(system_debugger)\system_debugger_using_debug_read_test.elf_on_local.tcl'
11:47:06 INFO  : Disconnected from the channel tcfchan#2.
