Copyright 1986-2018 Xilinx, Inc. All Rights Reserved.
------------------------------------------------------------------------------------
| Tool Version : Vivado v.2018.1 (win64) Build 2188600 Wed Apr  4 18:40:38 MDT 2018
| Date         : Tue Dec  4 17:09:58 2018
| Host         : DESKTOP-JBV9JL2 running 64-bit major release  (build 9200)
| Command      : upgrade_ip
| Device       : xc7z020clg400-1
------------------------------------------------------------------------------------

Upgrade Log for IP 'design_1_axi_zscore_0_0'

1. Summary
----------

SUCCESS in the upgrade of design_1_axi_zscore_0_0 (xilinx.com:user:axi_zscore:1.0) from (Rev. 2) to (Rev. 3)






Copyright 1986-2018 Xilinx, Inc. All Rights Reserved.
------------------------------------------------------------------------------------
| Tool Version : Vivado v.2018.1 (win64) Build 2188600 Wed Apr  4 18:40:38 MDT 2018
| Date         : Tue Dec  4 17:09:58 2018
| Host         : DESKTOP-JBV9JL2 running 64-bit major release  (build 9200)
| Command      : upgrade_ip
| Device       : xc7z020clg400-1
------------------------------------------------------------------------------------

Upgrade Log for IP 'design_1_axi_derivative_0_0'

1. Summary
----------

SUCCESS in the upgrade of design_1_axi_derivative_0_0 (xilinx.com:user:axi_derivative:1.0) from (Rev. 3) to (Rev. 4)






Copyright 1986-2018 Xilinx, Inc. All Rights Reserved.
------------------------------------------------------------------------------------
| Tool Version : Vivado v.2018.1 (win64) Build 2188600 Wed Apr  4 18:40:38 MDT 2018
| Date         : Tue Dec  4 17:09:58 2018
| Host         : DESKTOP-JBV9JL2 running 64-bit major release  (build 9200)
| Command      : upgrade_ip
| Device       : xc7z020clg400-1
------------------------------------------------------------------------------------

Upgrade Log for IP 'design_1_axi_cusum_0_0'

1. Summary
----------

SUCCESS in the upgrade of design_1_axi_cusum_0_0 (xilinx.com:user:axi_cusum:1.0) from (Rev. 5) to (Rev. 6)






Copyright 1986-2018 Xilinx, Inc. All Rights Reserved.
------------------------------------------------------------------------------------
| Tool Version : Vivado v.2018.1 (win64) Build 2188600 Wed Apr  4 18:40:38 MDT 2018
| Date         : Sun Nov 25 23:33:05 2018
| Host         : DESKTOP-JBV9JL2 running 64-bit major release  (build 9200)
| Command      : upgrade_ip
| Device       : xc7z020clg400-1
------------------------------------------------------------------------------------

Upgrade Log for IP 'design_1_axi_cusum_0_0'

1. Summary
----------

SUCCESS in the upgrade of design_1_axi_cusum_0_0 (xilinx.com:user:axi_cusum:1.0) from (Rev. 4) to (Rev. 5)






Copyright 1986-2018 Xilinx, Inc. All Rights Reserved.
------------------------------------------------------------------------------------
| Tool Version : Vivado v.2018.1 (win64) Build 2188600 Wed Apr  4 18:40:38 MDT 2018
| Date         : Mon Nov 19 16:53:05 2018
| Host         : DESKTOP-JBV9JL2 running 64-bit major release  (build 9200)
| Command      : upgrade_ip
| Device       : xc7z020clg400-1
------------------------------------------------------------------------------------

Upgrade Log for IP 'design_1_axi_cusum_0_0'

1. Summary
----------

SUCCESS in the upgrade of design_1_axi_cusum_0_0 (xilinx.com:user:axi_cusum:1.0) from (Rev. 3) to (Rev. 4)






Copyright 1986-2018 Xilinx, Inc. All Rights Reserved.
------------------------------------------------------------------------------------
| Tool Version : Vivado v.2018.1 (win64) Build 2188600 Wed Apr  4 18:40:38 MDT 2018
| Date         : Mon Nov 19 16:42:11 2018
| Host         : DESKTOP-JBV9JL2 running 64-bit major release  (build 9200)
| Command      : upgrade_ip
| Device       : xc7z020clg400-1
------------------------------------------------------------------------------------

Upgrade Log for IP 'design_1_axi_derivative_0_0'

1. Summary
----------

SUCCESS in the upgrade of design_1_axi_derivative_0_0 (xilinx.com:user:axi_derivative:1.0) from (Rev. 2) to (Rev. 3)






Copyright 1986-2018 Xilinx, Inc. All Rights Reserved.
------------------------------------------------------------------------------------
| Tool Version : Vivado v.2018.1 (win64) Build 2188600 Wed Apr  4 18:40:38 MDT 2018
| Date         : Sun Nov  4 17:05:26 2018
| Host         : DESKTOP-JBV9JL2 running 64-bit major release  (build 9200)
| Command      : upgrade_ip
| Device       : xc7z020clg400-1
------------------------------------------------------------------------------------

Upgrade Log for IP 'design_1_axi_zscore_0_0'

1. Summary
----------

SUCCESS in the upgrade of design_1_axi_zscore_0_0 (xilinx.com:user:axi_zscore:1.0) from (Rev. 6) to (Rev. 7)






Copyright 1986-2018 Xilinx, Inc. All Rights Reserved.
------------------------------------------------------------------------------------
| Tool Version : Vivado v.2018.1 (win64) Build 2188600 Wed Apr  4 18:40:38 MDT 2018
| Date         : Sun Nov  4 16:48:52 2018
| Host         : DESKTOP-JBV9JL2 running 64-bit major release  (build 9200)
| Command      : upgrade_ip
| Device       : xc7z020clg400-1
------------------------------------------------------------------------------------

Upgrade Log for IP 'design_1_axi_zscore_0_0'

1. Summary
----------

SUCCESS in the upgrade of design_1_axi_zscore_0_0 (xilinx.com:user:axi_zscore:1.0) from (Rev. 5) to (Rev. 6)






Copyright 1986-2018 Xilinx, Inc. All Rights Reserved.
------------------------------------------------------------------------------------
| Tool Version : Vivado v.2018.1 (win64) Build 2188600 Wed Apr  4 18:40:38 MDT 2018
| Date         : Sun Nov  4 15:09:20 2018
| Host         : DESKTOP-JBV9JL2 running 64-bit major release  (build 9200)
| Command      : upgrade_ip
| Device       : xc7z020clg400-1
------------------------------------------------------------------------------------

Upgrade Log for IP 'design_1_axi_zscore_0_0'

1. Summary
----------

SUCCESS in the upgrade of design_1_axi_zscore_0_0 (xilinx.com:user:axi_zscore:1.0) from (Rev. 4) to (Rev. 5)






Copyright 1986-2018 Xilinx, Inc. All Rights Reserved.
------------------------------------------------------------------------------------
| Tool Version : Vivado v.2018.1 (win64) Build 2188600 Wed Apr  4 18:40:38 MDT 2018
| Date         : Thu Nov  1 13:54:27 2018
| Host         : DESKTOP-JBV9JL2 running 64-bit major release  (build 9200)
| Command      : upgrade_ip
| Device       : xc7z020clg400-1
------------------------------------------------------------------------------------

Upgrade Log for IP 'design_1_axi_zscore_0_0'

1. Summary
----------

SUCCESS in the upgrade of design_1_axi_zscore_0_0 (xilinx.com:user:axi_zscore:1.0) from (Rev. 3) to (Rev. 4)






Copyright 1986-2018 Xilinx, Inc. All Rights Reserved.
------------------------------------------------------------------------------------
| Tool Version : Vivado v.2018.1 (win64) Build 2188600 Wed Apr  4 18:40:38 MDT 2018
| Date         : Thu Nov  1 13:22:06 2018
| Host         : DESKTOP-JBV9JL2 running 64-bit major release  (build 9200)
| Command      : upgrade_ip
| Device       : xc7z020clg400-1
------------------------------------------------------------------------------------

Upgrade Log for IP 'design_1_axi_zscore_0_0'

1. Summary
----------

SUCCESS in the upgrade of design_1_axi_zscore_0_0 (xilinx.com:user:axi_zscore:1.0) from (Rev. 2) to (Rev. 3)

