
*** Running vivado
    with args -log design_1_axi_cusum_0_0.vds -m64 -product Vivado -mode batch -messageDb vivado.pb -notrace -source design_1_axi_cusum_0_0.tcl


****** Vivado v2018.1 (64-bit)
  **** SW Build 2188600 on Wed Apr  4 18:40:38 MDT 2018
  **** IP Build 2185939 on Wed Apr  4 20:55:05 MDT 2018
    ** Copyright 1986-2018 Xilinx, Inc. All Rights Reserved.

source design_1_axi_cusum_0_0.tcl -notrace
Command: synth_design -top design_1_axi_cusum_0_0 -part xc7z020clg400-1 -mode out_of_context
Starting synth_design
Attempting to get a license for feature 'Synthesis' and/or device 'xc7z020'
INFO: [Common 17-349] Got license for feature 'Synthesis' and/or device 'xc7z020'
INFO: Launching helper process for spawning children vivado processes
INFO: Helper process launched with PID 9144 
---------------------------------------------------------------------------------
Starting RTL Elaboration : Time (s): cpu = 00:00:08 ; elapsed = 00:00:10 . Memory (MB): peak = 390.883 ; gain = 101.293
---------------------------------------------------------------------------------
INFO: [Synth 8-638] synthesizing module 'design_1_axi_cusum_0_0' [c:/Users/Mitch/Documents/DCA/PYNQ_integration/PYNQ_integration.srcs/sources_1/bd/design_1/ip/design_1_axi_cusum_0_0/synth/design_1_axi_cusum_0_0.vhd:82]
	Parameter MAX_DATA_PTS_EXP bound to: 3 - type: integer 
	Parameter MAX_MEANS_EXP bound to: 3 - type: integer 
	Parameter C_S_AXI_DATA_WIDTH bound to: 32 - type: integer 
	Parameter C_S_AXI_ADDR_WIDTH bound to: 16 - type: integer 
	Parameter SIMPLE_DIVISION bound to: 1 - type: bool 
INFO: [Synth 8-3491] module 'axi_cusum' declared at 'c:/Users/Mitch/Documents/DCA/PYNQ_integration/PYNQ_integration.srcs/sources_1/bd/design_1/ipshared/e02b/axi_cusum.vhd:46' bound to instance 'U0' of component 'axi_cusum' [c:/Users/Mitch/Documents/DCA/PYNQ_integration/PYNQ_integration.srcs/sources_1/bd/design_1/ip/design_1_axi_cusum_0_0/synth/design_1_axi_cusum_0_0.vhd:151]
INFO: [Synth 8-638] synthesizing module 'axi_cusum' [c:/Users/Mitch/Documents/DCA/PYNQ_integration/PYNQ_integration.srcs/sources_1/bd/design_1/ipshared/e02b/axi_cusum.vhd:88]
	Parameter MAX_DATA_PTS_EXP bound to: 3 - type: integer 
	Parameter MAX_MEANS_EXP bound to: 3 - type: integer 
	Parameter C_S_AXI_DATA_WIDTH bound to: 32 - type: integer 
	Parameter C_S_AXI_ADDR_WIDTH bound to: 16 - type: integer 
	Parameter SIMPLE_DIVISION bound to: 1 - type: bool 
	Parameter MAX_DATA_PTS_EXP bound to: 3 - type: integer 
	Parameter DATA_WIDTH bound to: 32 - type: integer 
	Parameter ADDR_WIDTH bound to: 14 - type: integer 
INFO: [Synth 8-3491] module 'mm_cusum' declared at 'c:/Users/Mitch/Documents/DCA/PYNQ_integration/PYNQ_integration.srcs/sources_1/bd/design_1/ipshared/e02b/mm_cusum.vhd:46' bound to instance 'MM_i' of component 'mm_cusum' [c:/Users/Mitch/Documents/DCA/PYNQ_integration/PYNQ_integration.srcs/sources_1/bd/design_1/ipshared/e02b/axi_cusum.vhd:254]
INFO: [Synth 8-638] synthesizing module 'mm_cusum' [c:/Users/Mitch/Documents/DCA/PYNQ_integration/PYNQ_integration.srcs/sources_1/bd/design_1/ipshared/e02b/mm_cusum.vhd:84]
	Parameter MAX_DATA_PTS_EXP bound to: 3 - type: integer 
	Parameter MAX_MEANS_EXP bound to: 3 - type: integer 
	Parameter DATA_WIDTH bound to: 32 - type: integer 
	Parameter ADDR_WIDTH bound to: 14 - type: integer 
WARNING: [Synth 8-6014] Unused sequential element slv_out_reg[2] was removed.  [c:/Users/Mitch/Documents/DCA/PYNQ_integration/PYNQ_integration.srcs/sources_1/bd/design_1/ipshared/e02b/mm_cusum.vhd:107]
WARNING: [Synth 8-6014] Unused sequential element slv_out_reg[0] was removed.  [c:/Users/Mitch/Documents/DCA/PYNQ_integration/PYNQ_integration.srcs/sources_1/bd/design_1/ipshared/e02b/mm_cusum.vhd:107]
WARNING: [Synth 8-6014] Unused sequential element slv_write_reg was removed.  [c:/Users/Mitch/Documents/DCA/PYNQ_integration/PYNQ_integration.srcs/sources_1/bd/design_1/ipshared/e02b/mm_cusum.vhd:153]
WARNING: [Synth 8-6014] Unused sequential element slv_read_reg was removed.  [c:/Users/Mitch/Documents/DCA/PYNQ_integration/PYNQ_integration.srcs/sources_1/bd/design_1/ipshared/e02b/mm_cusum.vhd:154]
INFO: [Synth 8-256] done synthesizing module 'mm_cusum' (1#1) [c:/Users/Mitch/Documents/DCA/PYNQ_integration/PYNQ_integration.srcs/sources_1/bd/design_1/ipshared/e02b/mm_cusum.vhd:84]
	Parameter DATA_WIDTH bound to: 32 - type: integer 
INFO: [Synth 8-3491] module 'simple_adder' declared at 'c:/Users/Mitch/Documents/DCA/PYNQ_integration/PYNQ_integration.srcs/sources_1/bd/design_1/ipshared/e02b/simple_adder.vhd:5' bound to instance 'ADDRX' of component 'simple_adder' [c:/Users/Mitch/Documents/DCA/PYNQ_integration/PYNQ_integration.srcs/sources_1/bd/design_1/ipshared/e02b/axi_cusum.vhd:312]
INFO: [Synth 8-638] synthesizing module 'simple_adder' [c:/Users/Mitch/Documents/DCA/PYNQ_integration/PYNQ_integration.srcs/sources_1/bd/design_1/ipshared/e02b/simple_adder.vhd:16]
	Parameter DATA_WIDTH bound to: 32 - type: integer 
INFO: [Synth 8-256] done synthesizing module 'simple_adder' (2#1) [c:/Users/Mitch/Documents/DCA/PYNQ_integration/PYNQ_integration.srcs/sources_1/bd/design_1/ipshared/e02b/simple_adder.vhd:16]
	Parameter DATA_WIDTH bound to: 32 - type: integer 
INFO: [Synth 8-3491] module 'simple_adder' declared at 'c:/Users/Mitch/Documents/DCA/PYNQ_integration/PYNQ_integration.srcs/sources_1/bd/design_1/ipshared/e02b/simple_adder.vhd:5' bound to instance 'ADDRX' of component 'simple_adder' [c:/Users/Mitch/Documents/DCA/PYNQ_integration/PYNQ_integration.srcs/sources_1/bd/design_1/ipshared/e02b/axi_cusum.vhd:312]
	Parameter DATA_WIDTH bound to: 32 - type: integer 
INFO: [Synth 8-3491] module 'simple_adder' declared at 'c:/Users/Mitch/Documents/DCA/PYNQ_integration/PYNQ_integration.srcs/sources_1/bd/design_1/ipshared/e02b/simple_adder.vhd:5' bound to instance 'ADDRX' of component 'simple_adder' [c:/Users/Mitch/Documents/DCA/PYNQ_integration/PYNQ_integration.srcs/sources_1/bd/design_1/ipshared/e02b/axi_cusum.vhd:312]
	Parameter DATA_WIDTH bound to: 32 - type: integer 
INFO: [Synth 8-3491] module 'simple_adder' declared at 'c:/Users/Mitch/Documents/DCA/PYNQ_integration/PYNQ_integration.srcs/sources_1/bd/design_1/ipshared/e02b/simple_adder.vhd:5' bound to instance 'ADDRX' of component 'simple_adder' [c:/Users/Mitch/Documents/DCA/PYNQ_integration/PYNQ_integration.srcs/sources_1/bd/design_1/ipshared/e02b/axi_cusum.vhd:312]
	Parameter DATA_WIDTH bound to: 32 - type: integer 
INFO: [Synth 8-3491] module 'simple_adder' declared at 'c:/Users/Mitch/Documents/DCA/PYNQ_integration/PYNQ_integration.srcs/sources_1/bd/design_1/ipshared/e02b/simple_adder.vhd:5' bound to instance 'ADDRX' of component 'simple_adder' [c:/Users/Mitch/Documents/DCA/PYNQ_integration/PYNQ_integration.srcs/sources_1/bd/design_1/ipshared/e02b/axi_cusum.vhd:312]
	Parameter DATA_WIDTH bound to: 32 - type: integer 
INFO: [Synth 8-3491] module 'simple_adder' declared at 'c:/Users/Mitch/Documents/DCA/PYNQ_integration/PYNQ_integration.srcs/sources_1/bd/design_1/ipshared/e02b/simple_adder.vhd:5' bound to instance 'ADDRX' of component 'simple_adder' [c:/Users/Mitch/Documents/DCA/PYNQ_integration/PYNQ_integration.srcs/sources_1/bd/design_1/ipshared/e02b/axi_cusum.vhd:312]
	Parameter DATA_WIDTH bound to: 32 - type: integer 
INFO: [Synth 8-3491] module 'simple_adder' declared at 'c:/Users/Mitch/Documents/DCA/PYNQ_integration/PYNQ_integration.srcs/sources_1/bd/design_1/ipshared/e02b/simple_adder.vhd:5' bound to instance 'ADDRX' of component 'simple_adder' [c:/Users/Mitch/Documents/DCA/PYNQ_integration/PYNQ_integration.srcs/sources_1/bd/design_1/ipshared/e02b/axi_cusum.vhd:312]
	Parameter DATA_WIDTH bound to: 32 - type: integer 
INFO: [Synth 8-3491] module 'simple_min' declared at 'c:/Users/Mitch/Documents/DCA/PYNQ_integration/PYNQ_integration.srcs/sources_1/bd/design_1/ipshared/e02b/simple_min.vhd:5' bound to instance 'MINX' of component 'simple_min' [c:/Users/Mitch/Documents/DCA/PYNQ_integration/PYNQ_integration.srcs/sources_1/bd/design_1/ipshared/e02b/axi_cusum.vhd:342]
INFO: [Synth 8-638] synthesizing module 'simple_min' [c:/Users/Mitch/Documents/DCA/PYNQ_integration/PYNQ_integration.srcs/sources_1/bd/design_1/ipshared/e02b/simple_min.vhd:16]
	Parameter DATA_WIDTH bound to: 32 - type: integer 
INFO: [Synth 8-256] done synthesizing module 'simple_min' (3#1) [c:/Users/Mitch/Documents/DCA/PYNQ_integration/PYNQ_integration.srcs/sources_1/bd/design_1/ipshared/e02b/simple_min.vhd:16]
	Parameter DATA_WIDTH bound to: 32 - type: integer 
INFO: [Synth 8-3491] module 'simple_min' declared at 'c:/Users/Mitch/Documents/DCA/PYNQ_integration/PYNQ_integration.srcs/sources_1/bd/design_1/ipshared/e02b/simple_min.vhd:5' bound to instance 'MINX' of component 'simple_min' [c:/Users/Mitch/Documents/DCA/PYNQ_integration/PYNQ_integration.srcs/sources_1/bd/design_1/ipshared/e02b/axi_cusum.vhd:342]
	Parameter DATA_WIDTH bound to: 32 - type: integer 
INFO: [Synth 8-3491] module 'simple_min' declared at 'c:/Users/Mitch/Documents/DCA/PYNQ_integration/PYNQ_integration.srcs/sources_1/bd/design_1/ipshared/e02b/simple_min.vhd:5' bound to instance 'MINX' of component 'simple_min' [c:/Users/Mitch/Documents/DCA/PYNQ_integration/PYNQ_integration.srcs/sources_1/bd/design_1/ipshared/e02b/axi_cusum.vhd:342]
	Parameter DATA_WIDTH bound to: 32 - type: integer 
INFO: [Synth 8-3491] module 'simple_min' declared at 'c:/Users/Mitch/Documents/DCA/PYNQ_integration/PYNQ_integration.srcs/sources_1/bd/design_1/ipshared/e02b/simple_min.vhd:5' bound to instance 'MINX' of component 'simple_min' [c:/Users/Mitch/Documents/DCA/PYNQ_integration/PYNQ_integration.srcs/sources_1/bd/design_1/ipshared/e02b/axi_cusum.vhd:342]
	Parameter DATA_WIDTH bound to: 32 - type: integer 
INFO: [Synth 8-3491] module 'simple_min' declared at 'c:/Users/Mitch/Documents/DCA/PYNQ_integration/PYNQ_integration.srcs/sources_1/bd/design_1/ipshared/e02b/simple_min.vhd:5' bound to instance 'MINX' of component 'simple_min' [c:/Users/Mitch/Documents/DCA/PYNQ_integration/PYNQ_integration.srcs/sources_1/bd/design_1/ipshared/e02b/axi_cusum.vhd:342]
	Parameter DATA_WIDTH bound to: 32 - type: integer 
INFO: [Synth 8-3491] module 'simple_min' declared at 'c:/Users/Mitch/Documents/DCA/PYNQ_integration/PYNQ_integration.srcs/sources_1/bd/design_1/ipshared/e02b/simple_min.vhd:5' bound to instance 'MINX' of component 'simple_min' [c:/Users/Mitch/Documents/DCA/PYNQ_integration/PYNQ_integration.srcs/sources_1/bd/design_1/ipshared/e02b/axi_cusum.vhd:342]
	Parameter DATA_WIDTH bound to: 32 - type: integer 
INFO: [Synth 8-3491] module 'simple_min' declared at 'c:/Users/Mitch/Documents/DCA/PYNQ_integration/PYNQ_integration.srcs/sources_1/bd/design_1/ipshared/e02b/simple_min.vhd:5' bound to instance 'MINX' of component 'simple_min' [c:/Users/Mitch/Documents/DCA/PYNQ_integration/PYNQ_integration.srcs/sources_1/bd/design_1/ipshared/e02b/axi_cusum.vhd:342]
	Parameter DATA_WIDTH bound to: 32 - type: integer 
INFO: [Synth 8-3491] module 'simple_max' declared at 'c:/Users/Mitch/Documents/DCA/PYNQ_integration/PYNQ_integration.srcs/sources_1/bd/design_1/ipshared/e02b/simple_max.vhd:5' bound to instance 'MAXX' of component 'simple_max' [c:/Users/Mitch/Documents/DCA/PYNQ_integration/PYNQ_integration.srcs/sources_1/bd/design_1/ipshared/e02b/axi_cusum.vhd:357]
INFO: [Synth 8-638] synthesizing module 'simple_max' [c:/Users/Mitch/Documents/DCA/PYNQ_integration/PYNQ_integration.srcs/sources_1/bd/design_1/ipshared/e02b/simple_max.vhd:16]
	Parameter DATA_WIDTH bound to: 32 - type: integer 
INFO: [Synth 8-256] done synthesizing module 'simple_max' (4#1) [c:/Users/Mitch/Documents/DCA/PYNQ_integration/PYNQ_integration.srcs/sources_1/bd/design_1/ipshared/e02b/simple_max.vhd:16]
	Parameter DATA_WIDTH bound to: 32 - type: integer 
INFO: [Synth 8-3491] module 'simple_max' declared at 'c:/Users/Mitch/Documents/DCA/PYNQ_integration/PYNQ_integration.srcs/sources_1/bd/design_1/ipshared/e02b/simple_max.vhd:5' bound to instance 'MAXX' of component 'simple_max' [c:/Users/Mitch/Documents/DCA/PYNQ_integration/PYNQ_integration.srcs/sources_1/bd/design_1/ipshared/e02b/axi_cusum.vhd:357]
	Parameter DATA_WIDTH bound to: 32 - type: integer 
INFO: [Synth 8-3491] module 'simple_max' declared at 'c:/Users/Mitch/Documents/DCA/PYNQ_integration/PYNQ_integration.srcs/sources_1/bd/design_1/ipshared/e02b/simple_max.vhd:5' bound to instance 'MAXX' of component 'simple_max' [c:/Users/Mitch/Documents/DCA/PYNQ_integration/PYNQ_integration.srcs/sources_1/bd/design_1/ipshared/e02b/axi_cusum.vhd:357]
	Parameter DATA_WIDTH bound to: 32 - type: integer 
INFO: [Synth 8-3491] module 'simple_max' declared at 'c:/Users/Mitch/Documents/DCA/PYNQ_integration/PYNQ_integration.srcs/sources_1/bd/design_1/ipshared/e02b/simple_max.vhd:5' bound to instance 'MAXX' of component 'simple_max' [c:/Users/Mitch/Documents/DCA/PYNQ_integration/PYNQ_integration.srcs/sources_1/bd/design_1/ipshared/e02b/axi_cusum.vhd:357]
	Parameter DATA_WIDTH bound to: 32 - type: integer 
INFO: [Synth 8-3491] module 'simple_max' declared at 'c:/Users/Mitch/Documents/DCA/PYNQ_integration/PYNQ_integration.srcs/sources_1/bd/design_1/ipshared/e02b/simple_max.vhd:5' bound to instance 'MAXX' of component 'simple_max' [c:/Users/Mitch/Documents/DCA/PYNQ_integration/PYNQ_integration.srcs/sources_1/bd/design_1/ipshared/e02b/axi_cusum.vhd:357]
	Parameter DATA_WIDTH bound to: 32 - type: integer 
INFO: [Synth 8-3491] module 'simple_max' declared at 'c:/Users/Mitch/Documents/DCA/PYNQ_integration/PYNQ_integration.srcs/sources_1/bd/design_1/ipshared/e02b/simple_max.vhd:5' bound to instance 'MAXX' of component 'simple_max' [c:/Users/Mitch/Documents/DCA/PYNQ_integration/PYNQ_integration.srcs/sources_1/bd/design_1/ipshared/e02b/axi_cusum.vhd:357]
	Parameter DATA_WIDTH bound to: 32 - type: integer 
INFO: [Synth 8-3491] module 'simple_max' declared at 'c:/Users/Mitch/Documents/DCA/PYNQ_integration/PYNQ_integration.srcs/sources_1/bd/design_1/ipshared/e02b/simple_max.vhd:5' bound to instance 'MAXX' of component 'simple_max' [c:/Users/Mitch/Documents/DCA/PYNQ_integration/PYNQ_integration.srcs/sources_1/bd/design_1/ipshared/e02b/axi_cusum.vhd:357]
	Parameter DATA_WIDTH bound to: 32 - type: integer 
INFO: [Synth 8-3491] module 'simple_sub' declared at 'c:/Users/Mitch/Documents/DCA/PYNQ_integration/PYNQ_integration.srcs/sources_1/bd/design_1/ipshared/e02b/simple_sub.vhd:5' bound to instance 'CONSTSUBS' of component 'simple_sub' [c:/Users/Mitch/Documents/DCA/PYNQ_integration/PYNQ_integration.srcs/sources_1/bd/design_1/ipshared/e02b/axi_cusum.vhd:369]
INFO: [Synth 8-638] synthesizing module 'simple_sub' [c:/Users/Mitch/Documents/DCA/PYNQ_integration/PYNQ_integration.srcs/sources_1/bd/design_1/ipshared/e02b/simple_sub.vhd:16]
	Parameter DATA_WIDTH bound to: 32 - type: integer 
INFO: [Synth 8-256] done synthesizing module 'simple_sub' (5#1) [c:/Users/Mitch/Documents/DCA/PYNQ_integration/PYNQ_integration.srcs/sources_1/bd/design_1/ipshared/e02b/simple_sub.vhd:16]
	Parameter DATA_WIDTH bound to: 32 - type: integer 
INFO: [Synth 8-3491] module 'simple_sub' declared at 'c:/Users/Mitch/Documents/DCA/PYNQ_integration/PYNQ_integration.srcs/sources_1/bd/design_1/ipshared/e02b/simple_sub.vhd:5' bound to instance 'CONSTSUBS' of component 'simple_sub' [c:/Users/Mitch/Documents/DCA/PYNQ_integration/PYNQ_integration.srcs/sources_1/bd/design_1/ipshared/e02b/axi_cusum.vhd:369]
	Parameter DATA_WIDTH bound to: 32 - type: integer 
INFO: [Synth 8-3491] module 'simple_sub' declared at 'c:/Users/Mitch/Documents/DCA/PYNQ_integration/PYNQ_integration.srcs/sources_1/bd/design_1/ipshared/e02b/simple_sub.vhd:5' bound to instance 'CONSTSUBS' of component 'simple_sub' [c:/Users/Mitch/Documents/DCA/PYNQ_integration/PYNQ_integration.srcs/sources_1/bd/design_1/ipshared/e02b/axi_cusum.vhd:369]
	Parameter DATA_WIDTH bound to: 32 - type: integer 
INFO: [Synth 8-3491] module 'simple_sub' declared at 'c:/Users/Mitch/Documents/DCA/PYNQ_integration/PYNQ_integration.srcs/sources_1/bd/design_1/ipshared/e02b/simple_sub.vhd:5' bound to instance 'CONSTSUBS' of component 'simple_sub' [c:/Users/Mitch/Documents/DCA/PYNQ_integration/PYNQ_integration.srcs/sources_1/bd/design_1/ipshared/e02b/axi_cusum.vhd:369]
	Parameter DATA_WIDTH bound to: 32 - type: integer 
INFO: [Synth 8-3491] module 'simple_sub' declared at 'c:/Users/Mitch/Documents/DCA/PYNQ_integration/PYNQ_integration.srcs/sources_1/bd/design_1/ipshared/e02b/simple_sub.vhd:5' bound to instance 'CONSTSUBS' of component 'simple_sub' [c:/Users/Mitch/Documents/DCA/PYNQ_integration/PYNQ_integration.srcs/sources_1/bd/design_1/ipshared/e02b/axi_cusum.vhd:369]
	Parameter DATA_WIDTH bound to: 32 - type: integer 
INFO: [Synth 8-3491] module 'simple_sub' declared at 'c:/Users/Mitch/Documents/DCA/PYNQ_integration/PYNQ_integration.srcs/sources_1/bd/design_1/ipshared/e02b/simple_sub.vhd:5' bound to instance 'CONSTSUBS' of component 'simple_sub' [c:/Users/Mitch/Documents/DCA/PYNQ_integration/PYNQ_integration.srcs/sources_1/bd/design_1/ipshared/e02b/axi_cusum.vhd:369]
	Parameter DATA_WIDTH bound to: 32 - type: integer 
INFO: [Synth 8-3491] module 'simple_sub' declared at 'c:/Users/Mitch/Documents/DCA/PYNQ_integration/PYNQ_integration.srcs/sources_1/bd/design_1/ipshared/e02b/simple_sub.vhd:5' bound to instance 'CONSTSUBS' of component 'simple_sub' [c:/Users/Mitch/Documents/DCA/PYNQ_integration/PYNQ_integration.srcs/sources_1/bd/design_1/ipshared/e02b/axi_cusum.vhd:369]
	Parameter DATA_WIDTH bound to: 32 - type: integer 
INFO: [Synth 8-3491] module 'simple_sub' declared at 'c:/Users/Mitch/Documents/DCA/PYNQ_integration/PYNQ_integration.srcs/sources_1/bd/design_1/ipshared/e02b/simple_sub.vhd:5' bound to instance 'CONSTSUBS' of component 'simple_sub' [c:/Users/Mitch/Documents/DCA/PYNQ_integration/PYNQ_integration.srcs/sources_1/bd/design_1/ipshared/e02b/axi_cusum.vhd:369]
	Parameter DATA_WIDTH bound to: 32 - type: integer 
INFO: [Synth 8-3491] module 'simple_sub' declared at 'c:/Users/Mitch/Documents/DCA/PYNQ_integration/PYNQ_integration.srcs/sources_1/bd/design_1/ipshared/e02b/simple_sub.vhd:5' bound to instance 'MINMAX' of component 'simple_sub' [c:/Users/Mitch/Documents/DCA/PYNQ_integration/PYNQ_integration.srcs/sources_1/bd/design_1/ipshared/e02b/axi_cusum.vhd:381]
INFO: [Synth 8-226] default block is never used [c:/Users/Mitch/Documents/DCA/PYNQ_integration/PYNQ_integration.srcs/sources_1/bd/design_1/ipshared/e02b/axi_cusum.vhd:465]
INFO: [Synth 8-256] done synthesizing module 'axi_cusum' (6#1) [c:/Users/Mitch/Documents/DCA/PYNQ_integration/PYNQ_integration.srcs/sources_1/bd/design_1/ipshared/e02b/axi_cusum.vhd:88]
INFO: [Synth 8-256] done synthesizing module 'design_1_axi_cusum_0_0' (7#1) [c:/Users/Mitch/Documents/DCA/PYNQ_integration/PYNQ_integration.srcs/sources_1/bd/design_1/ip/design_1_axi_cusum_0_0/synth/design_1_axi_cusum_0_0.vhd:82]
WARNING: [Synth 8-3331] design axi_cusum has unconnected port S_AXI_AWADDR[1]
WARNING: [Synth 8-3331] design axi_cusum has unconnected port S_AXI_AWADDR[0]
WARNING: [Synth 8-3331] design axi_cusum has unconnected port S_AXI_AWPROT[2]
WARNING: [Synth 8-3331] design axi_cusum has unconnected port S_AXI_AWPROT[1]
WARNING: [Synth 8-3331] design axi_cusum has unconnected port S_AXI_AWPROT[0]
WARNING: [Synth 8-3331] design axi_cusum has unconnected port S_AXI_WSTRB[3]
WARNING: [Synth 8-3331] design axi_cusum has unconnected port S_AXI_WSTRB[2]
WARNING: [Synth 8-3331] design axi_cusum has unconnected port S_AXI_WSTRB[1]
WARNING: [Synth 8-3331] design axi_cusum has unconnected port S_AXI_WSTRB[0]
WARNING: [Synth 8-3331] design axi_cusum has unconnected port S_AXI_ARADDR[1]
WARNING: [Synth 8-3331] design axi_cusum has unconnected port S_AXI_ARADDR[0]
WARNING: [Synth 8-3331] design axi_cusum has unconnected port S_AXI_ARPROT[2]
WARNING: [Synth 8-3331] design axi_cusum has unconnected port S_AXI_ARPROT[1]
WARNING: [Synth 8-3331] design axi_cusum has unconnected port S_AXI_ARPROT[0]
---------------------------------------------------------------------------------
Finished RTL Elaboration : Time (s): cpu = 00:00:10 ; elapsed = 00:00:12 . Memory (MB): peak = 445.961 ; gain = 156.371
---------------------------------------------------------------------------------

Report Check Netlist: 
+------+------------------+-------+---------+-------+------------------+
|      |Item              |Errors |Warnings |Status |Description       |
+------+------------------+-------+---------+-------+------------------+
|1     |multi_driven_nets |      0|        0|Passed |Multi driven nets |
+------+------------------+-------+---------+-------+------------------+
WARNING: [Synth 8-3295] tying undriven pin MINMAX:A[31] to constant 0 [c:/Users/Mitch/Documents/DCA/PYNQ_integration/PYNQ_integration.srcs/sources_1/bd/design_1/ipshared/e02b/axi_cusum.vhd:381]
WARNING: [Synth 8-3295] tying undriven pin MINMAX:A[30] to constant 0 [c:/Users/Mitch/Documents/DCA/PYNQ_integration/PYNQ_integration.srcs/sources_1/bd/design_1/ipshared/e02b/axi_cusum.vhd:381]
WARNING: [Synth 8-3295] tying undriven pin MINMAX:A[29] to constant 0 [c:/Users/Mitch/Documents/DCA/PYNQ_integration/PYNQ_integration.srcs/sources_1/bd/design_1/ipshared/e02b/axi_cusum.vhd:381]
WARNING: [Synth 8-3295] tying undriven pin MINMAX:A[28] to constant 0 [c:/Users/Mitch/Documents/DCA/PYNQ_integration/PYNQ_integration.srcs/sources_1/bd/design_1/ipshared/e02b/axi_cusum.vhd:381]
WARNING: [Synth 8-3295] tying undriven pin MINMAX:A[27] to constant 0 [c:/Users/Mitch/Documents/DCA/PYNQ_integration/PYNQ_integration.srcs/sources_1/bd/design_1/ipshared/e02b/axi_cusum.vhd:381]
WARNING: [Synth 8-3295] tying undriven pin MINMAX:A[26] to constant 0 [c:/Users/Mitch/Documents/DCA/PYNQ_integration/PYNQ_integration.srcs/sources_1/bd/design_1/ipshared/e02b/axi_cusum.vhd:381]
WARNING: [Synth 8-3295] tying undriven pin MINMAX:A[25] to constant 0 [c:/Users/Mitch/Documents/DCA/PYNQ_integration/PYNQ_integration.srcs/sources_1/bd/design_1/ipshared/e02b/axi_cusum.vhd:381]
WARNING: [Synth 8-3295] tying undriven pin MINMAX:A[24] to constant 0 [c:/Users/Mitch/Documents/DCA/PYNQ_integration/PYNQ_integration.srcs/sources_1/bd/design_1/ipshared/e02b/axi_cusum.vhd:381]
WARNING: [Synth 8-3295] tying undriven pin MINMAX:A[23] to constant 0 [c:/Users/Mitch/Documents/DCA/PYNQ_integration/PYNQ_integration.srcs/sources_1/bd/design_1/ipshared/e02b/axi_cusum.vhd:381]
WARNING: [Synth 8-3295] tying undriven pin MINMAX:A[22] to constant 0 [c:/Users/Mitch/Documents/DCA/PYNQ_integration/PYNQ_integration.srcs/sources_1/bd/design_1/ipshared/e02b/axi_cusum.vhd:381]
WARNING: [Synth 8-3295] tying undriven pin MINMAX:A[21] to constant 0 [c:/Users/Mitch/Documents/DCA/PYNQ_integration/PYNQ_integration.srcs/sources_1/bd/design_1/ipshared/e02b/axi_cusum.vhd:381]
WARNING: [Synth 8-3295] tying undriven pin MINMAX:A[20] to constant 0 [c:/Users/Mitch/Documents/DCA/PYNQ_integration/PYNQ_integration.srcs/sources_1/bd/design_1/ipshared/e02b/axi_cusum.vhd:381]
WARNING: [Synth 8-3295] tying undriven pin MINMAX:A[19] to constant 0 [c:/Users/Mitch/Documents/DCA/PYNQ_integration/PYNQ_integration.srcs/sources_1/bd/design_1/ipshared/e02b/axi_cusum.vhd:381]
WARNING: [Synth 8-3295] tying undriven pin MINMAX:A[18] to constant 0 [c:/Users/Mitch/Documents/DCA/PYNQ_integration/PYNQ_integration.srcs/sources_1/bd/design_1/ipshared/e02b/axi_cusum.vhd:381]
WARNING: [Synth 8-3295] tying undriven pin MINMAX:A[17] to constant 0 [c:/Users/Mitch/Documents/DCA/PYNQ_integration/PYNQ_integration.srcs/sources_1/bd/design_1/ipshared/e02b/axi_cusum.vhd:381]
WARNING: [Synth 8-3295] tying undriven pin MINMAX:A[16] to constant 0 [c:/Users/Mitch/Documents/DCA/PYNQ_integration/PYNQ_integration.srcs/sources_1/bd/design_1/ipshared/e02b/axi_cusum.vhd:381]
WARNING: [Synth 8-3295] tying undriven pin MINMAX:A[15] to constant 0 [c:/Users/Mitch/Documents/DCA/PYNQ_integration/PYNQ_integration.srcs/sources_1/bd/design_1/ipshared/e02b/axi_cusum.vhd:381]
WARNING: [Synth 8-3295] tying undriven pin MINMAX:A[14] to constant 0 [c:/Users/Mitch/Documents/DCA/PYNQ_integration/PYNQ_integration.srcs/sources_1/bd/design_1/ipshared/e02b/axi_cusum.vhd:381]
WARNING: [Synth 8-3295] tying undriven pin MINMAX:A[13] to constant 0 [c:/Users/Mitch/Documents/DCA/PYNQ_integration/PYNQ_integration.srcs/sources_1/bd/design_1/ipshared/e02b/axi_cusum.vhd:381]
WARNING: [Synth 8-3295] tying undriven pin MINMAX:A[12] to constant 0 [c:/Users/Mitch/Documents/DCA/PYNQ_integration/PYNQ_integration.srcs/sources_1/bd/design_1/ipshared/e02b/axi_cusum.vhd:381]
WARNING: [Synth 8-3295] tying undriven pin MINMAX:A[11] to constant 0 [c:/Users/Mitch/Documents/DCA/PYNQ_integration/PYNQ_integration.srcs/sources_1/bd/design_1/ipshared/e02b/axi_cusum.vhd:381]
WARNING: [Synth 8-3295] tying undriven pin MINMAX:A[10] to constant 0 [c:/Users/Mitch/Documents/DCA/PYNQ_integration/PYNQ_integration.srcs/sources_1/bd/design_1/ipshared/e02b/axi_cusum.vhd:381]
WARNING: [Synth 8-3295] tying undriven pin MINMAX:A[9] to constant 0 [c:/Users/Mitch/Documents/DCA/PYNQ_integration/PYNQ_integration.srcs/sources_1/bd/design_1/ipshared/e02b/axi_cusum.vhd:381]
WARNING: [Synth 8-3295] tying undriven pin MINMAX:A[8] to constant 0 [c:/Users/Mitch/Documents/DCA/PYNQ_integration/PYNQ_integration.srcs/sources_1/bd/design_1/ipshared/e02b/axi_cusum.vhd:381]
WARNING: [Synth 8-3295] tying undriven pin MINMAX:A[7] to constant 0 [c:/Users/Mitch/Documents/DCA/PYNQ_integration/PYNQ_integration.srcs/sources_1/bd/design_1/ipshared/e02b/axi_cusum.vhd:381]
WARNING: [Synth 8-3295] tying undriven pin MINMAX:A[6] to constant 0 [c:/Users/Mitch/Documents/DCA/PYNQ_integration/PYNQ_integration.srcs/sources_1/bd/design_1/ipshared/e02b/axi_cusum.vhd:381]
WARNING: [Synth 8-3295] tying undriven pin MINMAX:A[5] to constant 0 [c:/Users/Mitch/Documents/DCA/PYNQ_integration/PYNQ_integration.srcs/sources_1/bd/design_1/ipshared/e02b/axi_cusum.vhd:381]
WARNING: [Synth 8-3295] tying undriven pin MINMAX:A[4] to constant 0 [c:/Users/Mitch/Documents/DCA/PYNQ_integration/PYNQ_integration.srcs/sources_1/bd/design_1/ipshared/e02b/axi_cusum.vhd:381]
WARNING: [Synth 8-3295] tying undriven pin MINMAX:A[3] to constant 0 [c:/Users/Mitch/Documents/DCA/PYNQ_integration/PYNQ_integration.srcs/sources_1/bd/design_1/ipshared/e02b/axi_cusum.vhd:381]
WARNING: [Synth 8-3295] tying undriven pin MINMAX:A[2] to constant 0 [c:/Users/Mitch/Documents/DCA/PYNQ_integration/PYNQ_integration.srcs/sources_1/bd/design_1/ipshared/e02b/axi_cusum.vhd:381]
WARNING: [Synth 8-3295] tying undriven pin MINMAX:A[1] to constant 0 [c:/Users/Mitch/Documents/DCA/PYNQ_integration/PYNQ_integration.srcs/sources_1/bd/design_1/ipshared/e02b/axi_cusum.vhd:381]
WARNING: [Synth 8-3295] tying undriven pin MINMAX:A[0] to constant 0 [c:/Users/Mitch/Documents/DCA/PYNQ_integration/PYNQ_integration.srcs/sources_1/bd/design_1/ipshared/e02b/axi_cusum.vhd:381]
WARNING: [Synth 8-3295] tying undriven pin MINMAX:B[31] to constant 0 [c:/Users/Mitch/Documents/DCA/PYNQ_integration/PYNQ_integration.srcs/sources_1/bd/design_1/ipshared/e02b/axi_cusum.vhd:381]
WARNING: [Synth 8-3295] tying undriven pin MINMAX:B[30] to constant 0 [c:/Users/Mitch/Documents/DCA/PYNQ_integration/PYNQ_integration.srcs/sources_1/bd/design_1/ipshared/e02b/axi_cusum.vhd:381]
WARNING: [Synth 8-3295] tying undriven pin MINMAX:B[29] to constant 0 [c:/Users/Mitch/Documents/DCA/PYNQ_integration/PYNQ_integration.srcs/sources_1/bd/design_1/ipshared/e02b/axi_cusum.vhd:381]
WARNING: [Synth 8-3295] tying undriven pin MINMAX:B[28] to constant 0 [c:/Users/Mitch/Documents/DCA/PYNQ_integration/PYNQ_integration.srcs/sources_1/bd/design_1/ipshared/e02b/axi_cusum.vhd:381]
WARNING: [Synth 8-3295] tying undriven pin MINMAX:B[27] to constant 0 [c:/Users/Mitch/Documents/DCA/PYNQ_integration/PYNQ_integration.srcs/sources_1/bd/design_1/ipshared/e02b/axi_cusum.vhd:381]
WARNING: [Synth 8-3295] tying undriven pin MINMAX:B[26] to constant 0 [c:/Users/Mitch/Documents/DCA/PYNQ_integration/PYNQ_integration.srcs/sources_1/bd/design_1/ipshared/e02b/axi_cusum.vhd:381]
WARNING: [Synth 8-3295] tying undriven pin MINMAX:B[25] to constant 0 [c:/Users/Mitch/Documents/DCA/PYNQ_integration/PYNQ_integration.srcs/sources_1/bd/design_1/ipshared/e02b/axi_cusum.vhd:381]
WARNING: [Synth 8-3295] tying undriven pin MINMAX:B[24] to constant 0 [c:/Users/Mitch/Documents/DCA/PYNQ_integration/PYNQ_integration.srcs/sources_1/bd/design_1/ipshared/e02b/axi_cusum.vhd:381]
WARNING: [Synth 8-3295] tying undriven pin MINMAX:B[23] to constant 0 [c:/Users/Mitch/Documents/DCA/PYNQ_integration/PYNQ_integration.srcs/sources_1/bd/design_1/ipshared/e02b/axi_cusum.vhd:381]
WARNING: [Synth 8-3295] tying undriven pin MINMAX:B[22] to constant 0 [c:/Users/Mitch/Documents/DCA/PYNQ_integration/PYNQ_integration.srcs/sources_1/bd/design_1/ipshared/e02b/axi_cusum.vhd:381]
WARNING: [Synth 8-3295] tying undriven pin MINMAX:B[21] to constant 0 [c:/Users/Mitch/Documents/DCA/PYNQ_integration/PYNQ_integration.srcs/sources_1/bd/design_1/ipshared/e02b/axi_cusum.vhd:381]
WARNING: [Synth 8-3295] tying undriven pin MINMAX:B[20] to constant 0 [c:/Users/Mitch/Documents/DCA/PYNQ_integration/PYNQ_integration.srcs/sources_1/bd/design_1/ipshared/e02b/axi_cusum.vhd:381]
WARNING: [Synth 8-3295] tying undriven pin MINMAX:B[19] to constant 0 [c:/Users/Mitch/Documents/DCA/PYNQ_integration/PYNQ_integration.srcs/sources_1/bd/design_1/ipshared/e02b/axi_cusum.vhd:381]
WARNING: [Synth 8-3295] tying undriven pin MINMAX:B[18] to constant 0 [c:/Users/Mitch/Documents/DCA/PYNQ_integration/PYNQ_integration.srcs/sources_1/bd/design_1/ipshared/e02b/axi_cusum.vhd:381]
WARNING: [Synth 8-3295] tying undriven pin MINMAX:B[17] to constant 0 [c:/Users/Mitch/Documents/DCA/PYNQ_integration/PYNQ_integration.srcs/sources_1/bd/design_1/ipshared/e02b/axi_cusum.vhd:381]
WARNING: [Synth 8-3295] tying undriven pin MINMAX:B[16] to constant 0 [c:/Users/Mitch/Documents/DCA/PYNQ_integration/PYNQ_integration.srcs/sources_1/bd/design_1/ipshared/e02b/axi_cusum.vhd:381]
WARNING: [Synth 8-3295] tying undriven pin MINMAX:B[15] to constant 0 [c:/Users/Mitch/Documents/DCA/PYNQ_integration/PYNQ_integration.srcs/sources_1/bd/design_1/ipshared/e02b/axi_cusum.vhd:381]
WARNING: [Synth 8-3295] tying undriven pin MINMAX:B[14] to constant 0 [c:/Users/Mitch/Documents/DCA/PYNQ_integration/PYNQ_integration.srcs/sources_1/bd/design_1/ipshared/e02b/axi_cusum.vhd:381]
WARNING: [Synth 8-3295] tying undriven pin MINMAX:B[13] to constant 0 [c:/Users/Mitch/Documents/DCA/PYNQ_integration/PYNQ_integration.srcs/sources_1/bd/design_1/ipshared/e02b/axi_cusum.vhd:381]
WARNING: [Synth 8-3295] tying undriven pin MINMAX:B[12] to constant 0 [c:/Users/Mitch/Documents/DCA/PYNQ_integration/PYNQ_integration.srcs/sources_1/bd/design_1/ipshared/e02b/axi_cusum.vhd:381]
WARNING: [Synth 8-3295] tying undriven pin MINMAX:B[11] to constant 0 [c:/Users/Mitch/Documents/DCA/PYNQ_integration/PYNQ_integration.srcs/sources_1/bd/design_1/ipshared/e02b/axi_cusum.vhd:381]
WARNING: [Synth 8-3295] tying undriven pin MINMAX:B[10] to constant 0 [c:/Users/Mitch/Documents/DCA/PYNQ_integration/PYNQ_integration.srcs/sources_1/bd/design_1/ipshared/e02b/axi_cusum.vhd:381]
WARNING: [Synth 8-3295] tying undriven pin MINMAX:B[9] to constant 0 [c:/Users/Mitch/Documents/DCA/PYNQ_integration/PYNQ_integration.srcs/sources_1/bd/design_1/ipshared/e02b/axi_cusum.vhd:381]
WARNING: [Synth 8-3295] tying undriven pin MINMAX:B[8] to constant 0 [c:/Users/Mitch/Documents/DCA/PYNQ_integration/PYNQ_integration.srcs/sources_1/bd/design_1/ipshared/e02b/axi_cusum.vhd:381]
WARNING: [Synth 8-3295] tying undriven pin MINMAX:B[7] to constant 0 [c:/Users/Mitch/Documents/DCA/PYNQ_integration/PYNQ_integration.srcs/sources_1/bd/design_1/ipshared/e02b/axi_cusum.vhd:381]
WARNING: [Synth 8-3295] tying undriven pin MINMAX:B[6] to constant 0 [c:/Users/Mitch/Documents/DCA/PYNQ_integration/PYNQ_integration.srcs/sources_1/bd/design_1/ipshared/e02b/axi_cusum.vhd:381]
WARNING: [Synth 8-3295] tying undriven pin MINMAX:B[5] to constant 0 [c:/Users/Mitch/Documents/DCA/PYNQ_integration/PYNQ_integration.srcs/sources_1/bd/design_1/ipshared/e02b/axi_cusum.vhd:381]
WARNING: [Synth 8-3295] tying undriven pin MINMAX:B[4] to constant 0 [c:/Users/Mitch/Documents/DCA/PYNQ_integration/PYNQ_integration.srcs/sources_1/bd/design_1/ipshared/e02b/axi_cusum.vhd:381]
WARNING: [Synth 8-3295] tying undriven pin MINMAX:B[3] to constant 0 [c:/Users/Mitch/Documents/DCA/PYNQ_integration/PYNQ_integration.srcs/sources_1/bd/design_1/ipshared/e02b/axi_cusum.vhd:381]
WARNING: [Synth 8-3295] tying undriven pin MINMAX:B[2] to constant 0 [c:/Users/Mitch/Documents/DCA/PYNQ_integration/PYNQ_integration.srcs/sources_1/bd/design_1/ipshared/e02b/axi_cusum.vhd:381]
WARNING: [Synth 8-3295] tying undriven pin MINMAX:B[1] to constant 0 [c:/Users/Mitch/Documents/DCA/PYNQ_integration/PYNQ_integration.srcs/sources_1/bd/design_1/ipshared/e02b/axi_cusum.vhd:381]
WARNING: [Synth 8-3295] tying undriven pin MINMAX:B[0] to constant 0 [c:/Users/Mitch/Documents/DCA/PYNQ_integration/PYNQ_integration.srcs/sources_1/bd/design_1/ipshared/e02b/axi_cusum.vhd:381]
---------------------------------------------------------------------------------
Start Handling Custom Attributes
---------------------------------------------------------------------------------
---------------------------------------------------------------------------------
Finished Handling Custom Attributes : Time (s): cpu = 00:00:10 ; elapsed = 00:00:12 . Memory (MB): peak = 445.961 ; gain = 156.371
---------------------------------------------------------------------------------
---------------------------------------------------------------------------------
Finished RTL Optimization Phase 1 : Time (s): cpu = 00:00:10 ; elapsed = 00:00:12 . Memory (MB): peak = 445.961 ; gain = 156.371
---------------------------------------------------------------------------------
INFO: [Device 21-403] Loading part xc7z020clg400-1
INFO: [Project 1-570] Preparing netlist for logic optimization

Processing XDC Constraints
Initializing timing engine
Completed Processing XDC Constraints

INFO: [Project 1-111] Unisim Transformation Summary:
No Unisim elements were transformed.

Constraint Validation Runtime : Time (s): cpu = 00:00:01 ; elapsed = 00:00:00.087 . Memory (MB): peak = 795.473 ; gain = 0.375
---------------------------------------------------------------------------------
Finished Constraint Validation : Time (s): cpu = 00:00:29 ; elapsed = 00:00:36 . Memory (MB): peak = 795.473 ; gain = 505.883
---------------------------------------------------------------------------------
---------------------------------------------------------------------------------
Start Loading Part and Timing Information
---------------------------------------------------------------------------------
Loading part: xc7z020clg400-1
---------------------------------------------------------------------------------
Finished Loading Part and Timing Information : Time (s): cpu = 00:00:29 ; elapsed = 00:00:36 . Memory (MB): peak = 795.473 ; gain = 505.883
---------------------------------------------------------------------------------
---------------------------------------------------------------------------------
Start Applying 'set_property' XDC Constraints
---------------------------------------------------------------------------------
---------------------------------------------------------------------------------
Finished applying 'set_property' XDC Constraints : Time (s): cpu = 00:00:29 ; elapsed = 00:00:36 . Memory (MB): peak = 795.473 ; gain = 505.883
---------------------------------------------------------------------------------
INFO: [Synth 8-802] inferred FSM for state register 'axi_wr_state_reg' in module 'axi_cusum'
INFO: [Synth 8-5544] ROM "axi_bvalid" won't be mapped to Block RAM because address size (2) smaller than threshold (5)
INFO: [Synth 8-5544] ROM "axi_awaddr" won't be mapped to Block RAM because address size (2) smaller than threshold (5)
---------------------------------------------------------------------------------------------------
                   State |                     New Encoding |                Previous Encoding 
---------------------------------------------------------------------------------------------------
                    addr |                              001 |                               00
                    data |                              010 |                               01
                    resp |                              100 |                               10
---------------------------------------------------------------------------------------------------
INFO: [Synth 8-3354] encoded FSM with state register 'axi_wr_state_reg' using encoding 'one-hot' in module 'axi_cusum'
---------------------------------------------------------------------------------
Finished RTL Optimization Phase 2 : Time (s): cpu = 00:00:30 ; elapsed = 00:00:37 . Memory (MB): peak = 795.473 ; gain = 505.883
---------------------------------------------------------------------------------

Report RTL Partitions: 
+-+--------------+------------+----------+
| |RTL Partition |Replication |Instances |
+-+--------------+------------+----------+
+-+--------------+------------+----------+
---------------------------------------------------------------------------------
Start RTL Component Statistics 
---------------------------------------------------------------------------------
Detailed RTL Component Info : 
+---Adders : 
	   3 Input     32 Bit       Adders := 9     
	   2 Input     32 Bit       Adders := 16    
+---Registers : 
	               32 Bit    Registers := 18    
	               14 Bit    Registers := 2     
	                1 Bit    Registers := 1     
+---Muxes : 
	   2 Input     32 Bit        Muxes := 23    
	   2 Input     20 Bit        Muxes := 2     
	   2 Input      1 Bit        Muxes := 40    
	   3 Input      1 Bit        Muxes := 1     
---------------------------------------------------------------------------------
Finished RTL Component Statistics 
---------------------------------------------------------------------------------
---------------------------------------------------------------------------------
Start RTL Hierarchical Component Statistics 
---------------------------------------------------------------------------------
Hierarchical RTL Component report 
Module mm_cusum 
Detailed RTL Component Info : 
+---Registers : 
	               32 Bit    Registers := 18    
+---Muxes : 
	   2 Input     20 Bit        Muxes := 2     
	   2 Input      1 Bit        Muxes := 38    
Module simple_sub 
Detailed RTL Component Info : 
+---Adders : 
	   3 Input     32 Bit       Adders := 1     
	   2 Input     32 Bit       Adders := 1     
+---Muxes : 
	   2 Input     32 Bit        Muxes := 1     
Module simple_adder 
Detailed RTL Component Info : 
+---Adders : 
	   2 Input     32 Bit       Adders := 1     
Module simple_min 
Detailed RTL Component Info : 
+---Muxes : 
	   2 Input     32 Bit        Muxes := 1     
Module simple_max 
Detailed RTL Component Info : 
+---Muxes : 
	   2 Input     32 Bit        Muxes := 1     
Module axi_cusum 
Detailed RTL Component Info : 
+---Registers : 
	               14 Bit    Registers := 2     
	                1 Bit    Registers := 1     
+---Muxes : 
	   3 Input      1 Bit        Muxes := 1     
	   2 Input      1 Bit        Muxes := 2     
---------------------------------------------------------------------------------
Finished RTL Hierarchical Component Statistics
---------------------------------------------------------------------------------
---------------------------------------------------------------------------------
Start Part Resource Summary
---------------------------------------------------------------------------------
Part Resources:
DSPs: 220 (col length:60)
BRAMs: 280 (col length: RAMB18 60 RAMB36 30)
---------------------------------------------------------------------------------
Finished Part Resource Summary
---------------------------------------------------------------------------------
---------------------------------------------------------------------------------
Start Cross Boundary and Area Optimization
---------------------------------------------------------------------------------
Warning: Parallel synthesis criteria is not met 
WARNING: [Synth 8-3331] design axi_cusum has unconnected port S_AXI_AWADDR[1]
WARNING: [Synth 8-3331] design axi_cusum has unconnected port S_AXI_AWADDR[0]
WARNING: [Synth 8-3331] design axi_cusum has unconnected port S_AXI_AWPROT[2]
WARNING: [Synth 8-3331] design axi_cusum has unconnected port S_AXI_AWPROT[1]
WARNING: [Synth 8-3331] design axi_cusum has unconnected port S_AXI_AWPROT[0]
WARNING: [Synth 8-3331] design axi_cusum has unconnected port S_AXI_WSTRB[3]
WARNING: [Synth 8-3331] design axi_cusum has unconnected port S_AXI_WSTRB[2]
WARNING: [Synth 8-3331] design axi_cusum has unconnected port S_AXI_WSTRB[1]
WARNING: [Synth 8-3331] design axi_cusum has unconnected port S_AXI_WSTRB[0]
WARNING: [Synth 8-3331] design axi_cusum has unconnected port S_AXI_ARADDR[1]
WARNING: [Synth 8-3331] design axi_cusum has unconnected port S_AXI_ARADDR[0]
WARNING: [Synth 8-3331] design axi_cusum has unconnected port S_AXI_ARPROT[2]
WARNING: [Synth 8-3331] design axi_cusum has unconnected port S_AXI_ARPROT[1]
WARNING: [Synth 8-3331] design axi_cusum has unconnected port S_AXI_ARPROT[0]
---------------------------------------------------------------------------------
Finished Cross Boundary and Area Optimization : Time (s): cpu = 00:00:34 ; elapsed = 00:00:42 . Memory (MB): peak = 795.473 ; gain = 505.883
---------------------------------------------------------------------------------

Report RTL Partitions: 
+-+--------------+------------+----------+
| |RTL Partition |Replication |Instances |
+-+--------------+------------+----------+
+-+--------------+------------+----------+
---------------------------------------------------------------------------------
Start Applying XDC Timing Constraints
---------------------------------------------------------------------------------
---------------------------------------------------------------------------------
Finished Applying XDC Timing Constraints : Time (s): cpu = 00:00:49 ; elapsed = 00:01:00 . Memory (MB): peak = 799.844 ; gain = 510.254
---------------------------------------------------------------------------------
---------------------------------------------------------------------------------
Start Timing Optimization
---------------------------------------------------------------------------------
---------------------------------------------------------------------------------
Finished Timing Optimization : Time (s): cpu = 00:00:49 ; elapsed = 00:01:00 . Memory (MB): peak = 801.352 ; gain = 511.762
---------------------------------------------------------------------------------

Report RTL Partitions: 
+-+--------------+------------+----------+
| |RTL Partition |Replication |Instances |
+-+--------------+------------+----------+
+-+--------------+------------+----------+
---------------------------------------------------------------------------------
Start Technology Mapping
---------------------------------------------------------------------------------
---------------------------------------------------------------------------------
Finished Technology Mapping : Time (s): cpu = 00:00:50 ; elapsed = 00:01:01 . Memory (MB): peak = 843.797 ; gain = 554.207
---------------------------------------------------------------------------------

Report RTL Partitions: 
+-+--------------+------------+----------+
| |RTL Partition |Replication |Instances |
+-+--------------+------------+----------+
+-+--------------+------------+----------+
---------------------------------------------------------------------------------
Start IO Insertion
---------------------------------------------------------------------------------
---------------------------------------------------------------------------------
Start Flattening Before IO Insertion
---------------------------------------------------------------------------------
---------------------------------------------------------------------------------
Finished Flattening Before IO Insertion
---------------------------------------------------------------------------------
---------------------------------------------------------------------------------
Start Final Netlist Cleanup
---------------------------------------------------------------------------------
---------------------------------------------------------------------------------
Finished Final Netlist Cleanup
---------------------------------------------------------------------------------
---------------------------------------------------------------------------------
Finished IO Insertion : Time (s): cpu = 00:00:51 ; elapsed = 00:01:02 . Memory (MB): peak = 843.797 ; gain = 554.207
---------------------------------------------------------------------------------

Report Check Netlist: 
+------+------------------+-------+---------+-------+------------------+
|      |Item              |Errors |Warnings |Status |Description       |
+------+------------------+-------+---------+-------+------------------+
|1     |multi_driven_nets |      0|        0|Passed |Multi driven nets |
+------+------------------+-------+---------+-------+------------------+
---------------------------------------------------------------------------------
Start Renaming Generated Instances
---------------------------------------------------------------------------------
---------------------------------------------------------------------------------
Finished Renaming Generated Instances : Time (s): cpu = 00:00:51 ; elapsed = 00:01:02 . Memory (MB): peak = 843.797 ; gain = 554.207
---------------------------------------------------------------------------------

Report RTL Partitions: 
+-+--------------+------------+----------+
| |RTL Partition |Replication |Instances |
+-+--------------+------------+----------+
+-+--------------+------------+----------+
---------------------------------------------------------------------------------
Start Rebuilding User Hierarchy
---------------------------------------------------------------------------------
---------------------------------------------------------------------------------
Finished Rebuilding User Hierarchy : Time (s): cpu = 00:00:52 ; elapsed = 00:01:02 . Memory (MB): peak = 843.797 ; gain = 554.207
---------------------------------------------------------------------------------
---------------------------------------------------------------------------------
Start Renaming Generated Ports
---------------------------------------------------------------------------------
---------------------------------------------------------------------------------
Finished Renaming Generated Ports : Time (s): cpu = 00:00:52 ; elapsed = 00:01:02 . Memory (MB): peak = 843.797 ; gain = 554.207
---------------------------------------------------------------------------------
---------------------------------------------------------------------------------
Start Handling Custom Attributes
---------------------------------------------------------------------------------
---------------------------------------------------------------------------------
Finished Handling Custom Attributes : Time (s): cpu = 00:00:52 ; elapsed = 00:01:02 . Memory (MB): peak = 843.797 ; gain = 554.207
---------------------------------------------------------------------------------
---------------------------------------------------------------------------------
Start Renaming Generated Nets
---------------------------------------------------------------------------------
---------------------------------------------------------------------------------
Finished Renaming Generated Nets : Time (s): cpu = 00:00:52 ; elapsed = 00:01:02 . Memory (MB): peak = 843.797 ; gain = 554.207
---------------------------------------------------------------------------------
---------------------------------------------------------------------------------
Start Writing Synthesis Report
---------------------------------------------------------------------------------

Report BlackBoxes: 
+-+--------------+----------+
| |BlackBox name |Instances |
+-+--------------+----------+
+-+--------------+----------+

Report Cell Usage: 
+------+-------+------+
|      |Cell   |Count |
+------+-------+------+
|1     |CARRY4 |    56|
|2     |LUT1   |     1|
|3     |LUT2   |   236|
|4     |LUT3   |     8|
|5     |LUT4   |    69|
|6     |LUT5   |    80|
|7     |LUT6   |   251|
|8     |FDRE   |   608|
+------+-------+------+

Report Instance Areas: 
+------+--------------------------------------+---------------+------+
|      |Instance                              |Module         |Cells |
+------+--------------------------------------+---------------+------+
|1     |top                                   |               |  1309|
|2     |  U0                                  |axi_cusum      |  1309|
|3     |    MM_i                              |mm_cusum       |   952|
|4     |    \OUTER_GEN[0].GEN_ADDRS[0].ADDRX  |simple_adder   |    40|
|5     |    \OUTER_GEN[1].GEN_ADDRS[0].ADDRX  |simple_adder_0 |    40|
|6     |    \OUTER_GEN[1].GEN_ADDRS[1].ADDRX  |simple_adder_1 |    40|
|7     |    \OUTER_GEN[2].GEN_ADDRS[0].ADDRX  |simple_adder_2 |    40|
|8     |    \OUTER_GEN[2].GEN_ADDRS[1].ADDRX  |simple_adder_3 |    40|
|9     |    \OUTER_GEN[2].GEN_ADDRS[2].ADDRX  |simple_adder_4 |    40|
|10    |    \OUTER_GEN[2].GEN_ADDRS[3].ADDRX  |simple_adder_5 |    40|
+------+--------------------------------------+---------------+------+
---------------------------------------------------------------------------------
Finished Writing Synthesis Report : Time (s): cpu = 00:00:52 ; elapsed = 00:01:02 . Memory (MB): peak = 843.797 ; gain = 554.207
---------------------------------------------------------------------------------
Synthesis finished with 0 errors, 0 critical warnings and 14 warnings.
Synthesis Optimization Runtime : Time (s): cpu = 00:00:31 ; elapsed = 00:00:47 . Memory (MB): peak = 843.797 ; gain = 204.695
Synthesis Optimization Complete : Time (s): cpu = 00:00:52 ; elapsed = 00:01:02 . Memory (MB): peak = 843.797 ; gain = 554.207
INFO: [Project 1-571] Translating synthesized netlist
INFO: [Netlist 29-17] Analyzing 56 Unisim elements for replacement
INFO: [Netlist 29-28] Unisim Transformation completed in 0 CPU seconds
INFO: [Project 1-570] Preparing netlist for logic optimization
INFO: [Opt 31-138] Pushed 0 inverter(s) to 0 load pin(s).
INFO: [Project 1-111] Unisim Transformation Summary:
No Unisim elements were transformed.

INFO: [Common 17-83] Releasing license: Synthesis
62 Infos, 96 Warnings, 0 Critical Warnings and 0 Errors encountered.
synth_design completed successfully
synth_design: Time (s): cpu = 00:00:54 ; elapsed = 00:01:06 . Memory (MB): peak = 843.797 ; gain = 565.684
INFO: [Common 17-1381] The checkpoint 'C:/Users/Mitch/Documents/DCA/PYNQ_integration/PYNQ_integration.runs/design_1_axi_cusum_0_0_synth_1/design_1_axi_cusum_0_0.dcp' has been generated.
